2017-06-22 11:02:51 [ INFO] <main.go:27> 日志组件加载完成
2017-06-22 11:02:51 [ INFO] <rpc.go:64> RPC Init 完成
2017-06-22 11:02:51 [ INFO] <rpc.go:74> RPC 服务启动完成
2017-06-22 11:02:51 [ INFO] <statistics.go:40> StatisticsModule Init 完成
2017-06-22 11:02:51 [ INFO] <statistics.go:44> StatisticsModule 服务启动完成
2017-06-22 11:02:51 [ INFO] <app.go:36> 应用启动完成
2017-06-22 11:03:00 [ INFO] <statistics.go:103> 开始处理任务 0
2017-06-22 11:03:01 [ INFO] <statistics.go:111> 处理任务 0 结束,花费时间:1259
2017-06-22 11:03:30 [ INFO] <statistics.go:103> 开始处理任务 1
2017-06-22 11:03:30 [ INFO] <statistics.go:111> 处理任务 1 结束,花费时间:231
2017-06-22 11:03:40 [ INFO] <statistics.go:103> 开始处理任务 2
2017-06-22 11:03:40 [ INFO] <statistics.go:111> 处理任务 2 结束,花费时间:183
2017-06-22 11:04:00 [ INFO] <statistics.go:103> 开始处理任务 0
2017-06-22 11:04:00 [ INFO] <statistics.go:111> 处理任务 0 结束,花费时间:423
2017-06-22 11:04:30 [ INFO] <statistics.go:103> 开始处理任务 1
2017-06-22 11:04:30 [ INFO] <statistics.go:111> 处理任务 1 结束,花费时间:153
2017-06-22 11:04:40 [ INFO] <statistics.go:103> 开始处理任务 2
2017-06-22 11:04:40 [ INFO] <statistics.go:111> 处理任务 2 结束,花费时间:185
2017-06-22 11:05:00 [ INFO] <statistics.go:103> 开始处理任务 0
2017-06-22 11:05:00 [ INFO] <statistics.go:111> 处理任务 0 结束,花费时间:396
2017-06-22 11:05:30 [ INFO] <statistics.go:103> 开始处理任务 1
2017-06-22 11:05:30 [ INFO] <statistics.go:111> 处理任务 1 结束,花费时间:166
2017-06-22 11:05:40 [ INFO] <statistics.go:103> 开始处理任务 2
2017-06-22 11:05:40 [ INFO] <statistics.go:111> 处理任务 2 结束,花费时间:147
2017-06-22 11:06:00 [ INFO] <statistics.go:103> 开始处理任务 0
2017-06-22 11:06:00 [ INFO] <statistics.go:111> 处理任务 0 结束,花费时间:447
2017-06-22 11:06:30 [ INFO] <statistics.go:103> 开始处理任务 1
2017-06-22 11:06:30 [ INFO] <statistics.go:111> 处理任务 1 结束,花费时间:169
2017-06-22 11:06:40 [ INFO] <statistics.go:103> 开始处理任务 2
2017-06-22 11:06:40 [ INFO] <statistics.go:111> 处理任务 2 结束,花费时间:146
2017-06-22 11:07:00 [ INFO] <statistics.go:103> 开始处理任务 0
2017-06-22 11:07:00 [ INFO] <statistics.go:111> 处理任务 0 结束,花费时间:408
2017-06-22 11:07:30 [ INFO] <statistics.go:103> 开始处理任务 1
2017-06-22 11:07:30 [ INFO] <statistics.go:111> 处理任务 1 结束,花费时间:159
2017-06-22 11:07:40 [ INFO] <statistics.go:103> 开始处理任务 2
2017-06-22 11:07:40 [ INFO] <statistics.go:111> 处理任务 2 结束,花费时间:146
