2017-06-21 15:29:29 [ INFO] <main.go:27> 日志组件加载完成
2017-06-21 15:29:29 [ INFO] <rpc.go:64> RPC Init 完成
2017-06-21 15:29:29 [ INFO] <rpc.go:74> RPC 服务启动完成
2017-06-21 15:29:29 [ INFO] <statistics.go:40> StatisticsModule Init 完成
2017-06-21 15:29:29 [ INFO] <statistics.go:44> StatisticsModule 服务启动完成
2017-06-21 15:29:29 [ INFO] <app.go:36> 应用启动完成
2017-06-21 15:30:00 [ INFO] <statistics.go:103> 开始处理任务 0
2017-06-21 15:30:00 [ INFO] <statistics.go:111> 处理任务 0 结束,花费时间:284
2017-06-21 15:30:54 [ INFO] <main.go:27> 日志组件加载完成
2017-06-21 15:30:54 [ INFO] <rpc.go:64> RPC Init 完成
2017-06-21 15:30:54 [ INFO] <rpc.go:74> RPC 服务启动完成
2017-06-21 15:30:54 [ INFO] <statistics.go:40> StatisticsModule Init 完成
2017-06-21 15:30:54 [ INFO] <statistics.go:44> StatisticsModule 服务启动完成
2017-06-21 15:30:54 [ INFO] <app.go:36> 应用启动完成
2017-06-21 15:31:00 [ INFO] <statistics.go:103> 开始处理任务 0
2017-06-21 15:31:05 [ INFO] <statistics.go:111> 处理任务 0 结束,花费时间:5047
2017-06-21 15:32:00 [ INFO] <statistics.go:103> 开始处理任务 0
2017-06-21 15:32:02 [ INFO] <statistics.go:111> 处理任务 0 结束,花费时间:2818
2017-06-21 15:33:00 [ INFO] <statistics.go:103> 开始处理任务 0
2017-06-21 15:33:02 [ INFO] <statistics.go:111> 处理任务 0 结束,花费时间:2284
2017-06-21 15:34:00 [ INFO] <statistics.go:103> 开始处理任务 0
2017-06-21 15:34:02 [ INFO] <statistics.go:111> 处理任务 0 结束,花费时间:2300
2017-06-21 15:35:00 [ INFO] <statistics.go:103> 开始处理任务 0
2017-06-21 15:35:02 [ INFO] <statistics.go:111> 处理任务 0 结束,花费时间:2273
2017-06-21 15:36:00 [ INFO] <statistics.go:103> 开始处理任务 0
2017-06-21 15:36:02 [ INFO] <statistics.go:111> 处理任务 0 结束,花费时间:2240
2017-06-21 15:39:39 [ INFO] <main.go:27> 日志组件加载完成
2017-06-21 15:39:39 [ INFO] <rpc.go:64> RPC Init 完成
2017-06-21 15:39:39 [ INFO] <rpc.go:74> RPC 服务启动完成
2017-06-21 15:39:39 [ INFO] <statistics.go:40> StatisticsModule Init 完成
2017-06-21 15:39:39 [ INFO] <statistics.go:44> StatisticsModule 服务启动完成
2017-06-21 15:39:39 [ INFO] <app.go:36> 应用启动完成
2017-06-21 15:40:00 [ INFO] <statistics.go:103> 开始处理任务 0
2017-06-21 15:41:12 [ INFO] <main.go:27> 日志组件加载完成
2017-06-21 15:41:12 [ INFO] <rpc.go:64> RPC Init 完成
2017-06-21 15:41:12 [ INFO] <rpc.go:74> RPC 服务启动完成
2017-06-21 15:41:12 [ INFO] <statistics.go:40> StatisticsModule Init 完成
2017-06-21 15:41:12 [ INFO] <statistics.go:44> StatisticsModule 服务启动完成
2017-06-21 15:41:12 [ INFO] <app.go:36> 应用启动完成
2017-06-21 15:42:00 [ INFO] <statistics.go:103> 开始处理任务 0
2017-06-21 15:44:08 [ INFO] <main.go:27> 日志组件加载完成
2017-06-21 15:44:08 [ INFO] <rpc.go:64> RPC Init 完成
2017-06-21 15:44:08 [ INFO] <rpc.go:74> RPC 服务启动完成
2017-06-21 15:44:08 [ INFO] <statistics.go:40> StatisticsModule Init 完成
2017-06-21 15:44:08 [ INFO] <statistics.go:44> StatisticsModule 服务启动完成
2017-06-21 15:44:08 [ INFO] <app.go:36> 应用启动完成
2017-06-21 15:45:00 [ INFO] <statistics.go:103> 开始处理任务 0
2017-06-21 15:45:02 [ INFO] <statistics.go:111> 处理任务 0 结束,花费时间:2275
