2017-06-23 10:00:30 [ INFO] <statistics.go:103> 开始处理任务 1
2017-06-23 10:00:30 [ INFO] <statistics.go:111> 处理任务 1 结束,花费时间:194
2017-06-23 10:00:40 [ INFO] <statistics.go:103> 开始处理任务 2
2017-06-23 10:00:40 [ INFO] <statistics.go:111> 处理任务 2 结束,花费时间:171
2017-06-23 10:00:50 [ INFO] <statistics.go:103> 开始处理任务 3
2017-06-23 10:00:50 [ERROR] <cacujob.go:123> 计算脚本 2,数据 map[data:map[leader:100046 cardcount:1 unionId:16]] 错误,忽略该数据,16 变量值不存在
2017-06-23 10:00:50 [ERROR] <cacujob.go:123> 计算脚本 2,数据 map[data:map[cardcount:1 unionId:16 leader:100046]] 错误,忽略该数据,16 变量值不存在
2017-06-23 10:00:50 [ERROR] <cacujob.go:123> 计算脚本 2,数据 map[data:map[leader:100046 cardcount:1 unionId:16]] 错误,忽略该数据,16 变量值不存在
2017-06-23 10:00:50 [ERROR] <cacujob.go:123> 计算脚本 2,数据 map[data:map[leader:100056 cardcount:1 unionId:16]] 错误,忽略该数据,16 变量值不存在
2017-06-23 10:00:50 [ERROR] <cacujob.go:123> 计算脚本 2,数据 map[data:map[unionId:16 leader:100056 cardcount:1]] 错误,忽略该数据,16 变量值不存在
2017-06-23 10:00:50 [ERROR] <cacujob.go:123> 计算脚本 2,数据 map[data:map[leader:100046 cardcount:1 unionId:16]] 错误,忽略该数据,16 变量值不存在
2017-06-23 10:00:50 [ERROR] <cacujob.go:123> 计算脚本 2,数据 map[data:map[leader:100046 cardcount:1 unionId:16]] 错误,忽略该数据,16 变量值不存在
2017-06-23 10:00:50 [ERROR] <cacujob.go:123> 计算脚本 2,数据 map[data:map[leader:100046 cardcount:1 unionId:16]] 错误,忽略该数据,16 变量值不存在
2017-06-23 10:00:50 [ERROR] <cacujob.go:123> 计算脚本 2,数据 map[data:map[leader:100046 cardcount:1 unionId:16]] 错误,忽略该数据,16 变量值不存在
2017-06-23 10:00:50 [ERROR] <cacujob.go:123> 计算脚本 2,数据 map[data:map[leader:100046 cardcount:1 unionId:16]] 错误,忽略该数据,16 变量值不存在
2017-06-23 10:00:50 [ERROR] <cacujob.go:123> 计算脚本 2,数据 map[data:map[leader:100046 cardcount:1 unionId:16]] 错误,忽略该数据,16 变量值不存在
2017-06-23 10:00:50 [ERROR] <cacujob.go:123> 计算脚本 2,数据 map[data:map[leader:100046 cardcount:1 unionId:16]] 错误,忽略该数据,16 变量值不存在
2017-06-23 10:00:50 [ERROR] <cacujob.go:123> 计算脚本 2,数据 map[data:map[leader:100046 cardcount:1 unionId:16]] 错误,忽略该数据,16 变量值不存在
2017-06-23 10:00:50 [ERROR] <cacujob.go:123> 计算脚本 2,数据 map[data:map[unionId:16 leader:100046 cardcount:1]] 错误,忽略该数据,16 变量值不存在
2017-06-23 10:00:50 [ERROR] <cacujob.go:123> 计算脚本 2,数据 map[data:map[leader:100046 cardcount:1 unionId:16]] 错误,忽略该数据,16 变量值不存在
2017-06-23 10:00:50 [ERROR] <cacujob.go:123> 计算脚本 2,数据 map[data:map[cardcount:1 unionId:16 leader:100046]] 错误,忽略该数据,16 变量值不存在
2017-06-23 10:00:50 [ERROR] <cacujob.go:123> 计算脚本 2,数据 map[data:map[leader:100046 cardcount:1 unionId:16]] 错误,忽略该数据,16 变量值不存在
2017-06-23 10:00:50 [ERROR] <cacujob.go:123> 计算脚本 2,数据 map[data:map[leader:100046 cardcount:1 unionId:16]] 错误,忽略该数据,16 变量值不存在
2017-06-23 10:00:50 [ERROR] <cacujob.go:123> 计算脚本 2,数据 map[data:map[leader:100046 cardcount:1 unionId:16]] 错误,忽略该数据,16 变量值不存在
2017-06-23 10:00:50 [ERROR] <cacujob.go:123> 计算脚本 2,数据 map[data:map[leader:100046 cardcount:1 unionId:16]] 错误,忽略该数据,16 变量值不存在
2017-06-23 10:00:50 [ERROR] <cacujob.go:123> 计算脚本 2,数据 map[data:map[leader:100046 cardcount:1 unionId:16]] 错误,忽略该数据,16 变量值不存在
2017-06-23 10:00:50 [ERROR] <cacujob.go:123> 计算脚本 2,数据 map[data:map[leader:100046 cardcount:1 unionId:16]] 错误,忽略该数据,16 变量值不存在
2017-06-23 10:00:50 [ERROR] <cacujob.go:123> 计算脚本 2,数据 map[data:map[cardcount:1 unionId:16 leader:100046]] 错误,忽略该数据,16 变量值不存在
2017-06-23 10:00:50 [ERROR] <cacujob.go:123> 计算脚本 2,数据 map[data:map[leader:100046 cardcount:1 unionId:16]] 错误,忽略该数据,16 变量值不存在
2017-06-23 10:00:50 [ERROR] <cacujob.go:123> 计算脚本 2,数据 map[data:map[leader:100046 cardcount:1 unionId:16]] 错误,忽略该数据,16 变量值不存在
2017-06-23 10:00:50 [ERROR] <cacujob.go:123> 计算脚本 2,数据 map[data:map[unionId:16 leader:100046 cardcount:1]] 错误,忽略该数据,16 变量值不存在
2017-06-23 10:00:50 [ERROR] <cacujob.go:123> 计算脚本 2,数据 map[data:map[leader:100046 cardcount:1 unionId:16]] 错误,忽略该数据,16 变量值不存在
2017-06-23 10:00:50 [ERROR] <cacujob.go:123> 计算脚本 2,数据 map[data:map[unionId:16 leader:100046 cardcount:1]] 错误,忽略该数据,16 变量值不存在
2017-06-23 10:00:50 [ERROR] <cacujob.go:123> 计算脚本 2,数据 map[data:map[leader:100046 cardcount:1 unionId:16]] 错误,忽略该数据,16 变量值不存在
2017-06-23 10:00:50 [ERROR] <cacujob.go:123> 计算脚本 2,数据 map[data:map[leader:100046 cardcount:1 unionId:16]] 错误,忽略该数据,16 变量值不存在
2017-06-23 10:00:50 [ INFO] <statistics.go:111> 处理任务 3 结束,花费时间:195
2017-06-23 10:01:00 [ INFO] <statistics.go:103> 开始处理任务 0
2017-06-23 10:01:00 [ INFO] <statistics.go:111> 处理任务 0 结束,花费时间:407
2017-06-23 10:01:30 [ INFO] <statistics.go:103> 开始处理任务 1
2017-06-23 10:01:30 [ INFO] <statistics.go:111> 处理任务 1 结束,花费时间:161
2017-06-23 10:01:40 [ INFO] <statistics.go:103> 开始处理任务 2
2017-06-23 10:01:40 [ INFO] <statistics.go:111> 处理任务 2 结束,花费时间:162
2017-06-23 10:01:50 [ INFO] <statistics.go:103> 开始处理任务 3
2017-06-23 10:01:50 [ERROR] <cacujob.go:123> 计算脚本 2,数据 map[data:map[leader:100046 cardcount:1 unionId:16]] 错误,忽略该数据,16 变量值不存在
2017-06-23 10:01:50 [ERROR] <cacujob.go:123> 计算脚本 2,数据 map[data:map[leader:100046 cardcount:1 unionId:16]] 错误,忽略该数据,16 变量值不存在
2017-06-23 10:01:50 [ERROR] <cacujob.go:123> 计算脚本 2,数据 map[data:map[cardcount:1 unionId:16 leader:100046]] 错误,忽略该数据,16 变量值不存在
2017-06-23 10:01:50 [ERROR] <cacujob.go:123> 计算脚本 2,数据 map[data:map[cardcount:1 unionId:16 leader:100056]] 错误,忽略该数据,16 变量值不存在
2017-06-23 10:01:50 [ERROR] <cacujob.go:123> 计算脚本 2,数据 map[data:map[leader:100056 cardcount:1 unionId:16]] 错误,忽略该数据,16 变量值不存在
2017-06-23 10:01:50 [ERROR] <cacujob.go:123> 计算脚本 2,数据 map[data:map[leader:100046 cardcount:1 unionId:16]] 错误,忽略该数据,16 变量值不存在
2017-06-23 10:01:50 [ERROR] <cacujob.go:123> 计算脚本 2,数据 map[data:map[cardcount:1 unionId:16 leader:100046]] 错误,忽略该数据,16 变量值不存在
2017-06-23 10:01:50 [ERROR] <cacujob.go:123> 计算脚本 2,数据 map[data:map[leader:100046 cardcount:1 unionId:16]] 错误,忽略该数据,16 变量值不存在
2017-06-23 10:01:50 [ERROR] <cacujob.go:123> 计算脚本 2,数据 map[data:map[leader:100046 cardcount:1 unionId:16]] 错误,忽略该数据,16 变量值不存在
2017-06-23 10:01:50 [ERROR] <cacujob.go:123> 计算脚本 2,数据 map[data:map[leader:100046 cardcount:1 unionId:16]] 错误,忽略该数据,16 变量值不存在
2017-06-23 10:01:50 [ERROR] <cacujob.go:123> 计算脚本 2,数据 map[data:map[cardcount:1 unionId:16 leader:100046]] 错误,忽略该数据,16 变量值不存在
2017-06-23 10:01:50 [ERROR] <cacujob.go:123> 计算脚本 2,数据 map[data:map[leader:100046 cardcount:1 unionId:16]] 错误,忽略该数据,16 变量值不存在
2017-06-23 10:01:50 [ERROR] <cacujob.go:123> 计算脚本 2,数据 map[data:map[leader:100046 cardcount:1 unionId:16]] 错误,忽略该数据,16 变量值不存在
2017-06-23 10:01:50 [ERROR] <cacujob.go:123> 计算脚本 2,数据 map[data:map[leader:100046 cardcount:1 unionId:16]] 错误,忽略该数据,16 变量值不存在
2017-06-23 10:01:50 [ERROR] <cacujob.go:123> 计算脚本 2,数据 map[data:map[cardcount:1 unionId:16 leader:100046]] 错误,忽略该数据,16 变量值不存在
2017-06-23 10:01:50 [ERROR] <cacujob.go:123> 计算脚本 2,数据 map[data:map[leader:100046 cardcount:1 unionId:16]] 错误,忽略该数据,16 变量值不存在
2017-06-23 10:01:50 [ERROR] <cacujob.go:123> 计算脚本 2,数据 map[data:map[unionId:16 leader:100046 cardcount:1]] 错误,忽略该数据,16 变量值不存在
2017-06-23 10:01:50 [ERROR] <cacujob.go:123> 计算脚本 2,数据 map[data:map[leader:100046 cardcount:1 unionId:16]] 错误,忽略该数据,16 变量值不存在
2017-06-23 10:01:50 [ERROR] <cacujob.go:123> 计算脚本 2,数据 map[data:map[leader:100046 cardcount:1 unionId:16]] 错误,忽略该数据,16 变量值不存在
2017-06-23 10:01:50 [ERROR] <cacujob.go:123> 计算脚本 2,数据 map[data:map[unionId:16 leader:100046 cardcount:1]] 错误,忽略该数据,16 变量值不存在
2017-06-23 10:01:50 [ERROR] <cacujob.go:123> 计算脚本 2,数据 map[data:map[leader:100046 cardcount:1 unionId:16]] 错误,忽略该数据,16 变量值不存在
2017-06-23 10:01:50 [ERROR] <cacujob.go:123> 计算脚本 2,数据 map[data:map[leader:100046 cardcount:1 unionId:16]] 错误,忽略该数据,16 变量值不存在
2017-06-23 10:01:50 [ERROR] <cacujob.go:123> 计算脚本 2,数据 map[data:map[leader:100046 cardcount:1 unionId:16]] 错误,忽略该数据,16 变量值不存在
2017-06-23 10:01:50 [ERROR] <cacujob.go:123> 计算脚本 2,数据 map[data:map[leader:100046 cardcount:1 unionId:16]] 错误,忽略该数据,16 变量值不存在
2017-06-23 10:01:50 [ERROR] <cacujob.go:123> 计算脚本 2,数据 map[data:map[leader:100046 cardcount:1 unionId:16]] 错误,忽略该数据,16 变量值不存在
2017-06-23 10:01:50 [ERROR] <cacujob.go:123> 计算脚本 2,数据 map[data:map[cardcount:1 unionId:16 leader:100046]] 错误,忽略该数据,16 变量值不存在
2017-06-23 10:01:50 [ERROR] <cacujob.go:123> 计算脚本 2,数据 map[data:map[leader:100046 cardcount:1 unionId:16]] 错误,忽略该数据,16 变量值不存在
2017-06-23 10:01:50 [ERROR] <cacujob.go:123> 计算脚本 2,数据 map[data:map[leader:100046 cardcount:1 unionId:16]] 错误,忽略该数据,16 变量值不存在
2017-06-23 10:01:50 [ERROR] <cacujob.go:123> 计算脚本 2,数据 map[data:map[leader:100046 cardcount:1 unionId:16]] 错误,忽略该数据,16 变量值不存在
2017-06-23 10:01:50 [ERROR] <cacujob.go:123> 计算脚本 2,数据 map[data:map[leader:100046 cardcount:1 unionId:16]] 错误,忽略该数据,16 变量值不存在
2017-06-23 10:01:50 [ INFO] <statistics.go:111> 处理任务 3 结束,花费时间:208
2017-06-23 10:02:00 [ INFO] <statistics.go:103> 开始处理任务 0
2017-06-23 10:02:00 [ INFO] <statistics.go:111> 处理任务 0 结束,花费时间:396
2017-06-23 10:02:30 [ INFO] <statistics.go:103> 开始处理任务 1
2017-06-23 10:02:30 [ INFO] <statistics.go:111> 处理任务 1 结束,花费时间:155
2017-06-23 10:02:40 [ INFO] <statistics.go:103> 开始处理任务 2
2017-06-23 10:02:40 [ INFO] <statistics.go:111> 处理任务 2 结束,花费时间:201
2017-06-23 10:02:50 [ INFO] <statistics.go:103> 开始处理任务 3
2017-06-23 10:02:50 [ERROR] <cacujob.go:123> 计算脚本 2,数据 map[data:map[leader:100046 cardcount:1 unionId:16]] 错误,忽略该数据,16 变量值不存在
2017-06-23 10:02:50 [ERROR] <cacujob.go:123> 计算脚本 2,数据 map[data:map[leader:100046 cardcount:1 unionId:16]] 错误,忽略该数据,16 变量值不存在
2017-06-23 10:02:50 [ERROR] <cacujob.go:123> 计算脚本 2,数据 map[data:map[leader:100046 cardcount:1 unionId:16]] 错误,忽略该数据,16 变量值不存在
2017-06-23 10:02:50 [ERROR] <cacujob.go:123> 计算脚本 2,数据 map[data:map[leader:100056 cardcount:1 unionId:16]] 错误,忽略该数据,16 变量值不存在
2017-06-23 10:02:50 [ERROR] <cacujob.go:123> 计算脚本 2,数据 map[data:map[leader:100056 cardcount:1 unionId:16]] 错误,忽略该数据,16 变量值不存在
2017-06-23 10:02:50 [ERROR] <cacujob.go:123> 计算脚本 2,数据 map[data:map[leader:100046 cardcount:1 unionId:16]] 错误,忽略该数据,16 变量值不存在
2017-06-23 10:02:50 [ERROR] <cacujob.go:123> 计算脚本 2,数据 map[data:map[leader:100046 cardcount:1 unionId:16]] 错误,忽略该数据,16 变量值不存在
2017-06-23 10:02:50 [ERROR] <cacujob.go:123> 计算脚本 2,数据 map[data:map[leader:100046 cardcount:1 unionId:16]] 错误,忽略该数据,16 变量值不存在
2017-06-23 10:02:50 [ERROR] <cacujob.go:123> 计算脚本 2,数据 map[data:map[cardcount:1 unionId:16 leader:100046]] 错误,忽略该数据,16 变量值不存在
2017-06-23 10:02:50 [ERROR] <cacujob.go:123> 计算脚本 2,数据 map[data:map[leader:100046 cardcount:1 unionId:16]] 错误,忽略该数据,16 变量值不存在
2017-06-23 10:02:50 [ERROR] <cacujob.go:123> 计算脚本 2,数据 map[data:map[unionId:16 leader:100046 cardcount:1]] 错误,忽略该数据,16 变量值不存在
2017-06-23 10:02:50 [ERROR] <cacujob.go:123> 计算脚本 2,数据 map[data:map[leader:100046 cardcount:1 unionId:16]] 错误,忽略该数据,16 变量值不存在
2017-06-23 10:02:50 [ERROR] <cacujob.go:123> 计算脚本 2,数据 map[data:map[leader:100046 cardcount:1 unionId:16]] 错误,忽略该数据,16 变量值不存在
2017-06-23 10:02:50 [ERROR] <cacujob.go:123> 计算脚本 2,数据 map[data:map[leader:100046 cardcount:1 unionId:16]] 错误,忽略该数据,16 变量值不存在
2017-06-23 10:02:50 [ERROR] <cacujob.go:123> 计算脚本 2,数据 map[data:map[cardcount:1 unionId:16 leader:100046]] 错误,忽略该数据,16 变量值不存在
2017-06-23 10:02:50 [ERROR] <cacujob.go:123> 计算脚本 2,数据 map[data:map[leader:100046 cardcount:1 unionId:16]] 错误,忽略该数据,16 变量值不存在
2017-06-23 10:02:50 [ERROR] <cacujob.go:123> 计算脚本 2,数据 map[data:map[leader:100046 cardcount:1 unionId:16]] 错误,忽略该数据,16 变量值不存在
2017-06-23 10:02:50 [ERROR] <cacujob.go:123> 计算脚本 2,数据 map[data:map[leader:100046 cardcount:1 unionId:16]] 错误,忽略该数据,16 变量值不存在
2017-06-23 10:02:50 [ERROR] <cacujob.go:123> 计算脚本 2,数据 map[data:map[leader:100046 cardcount:1 unionId:16]] 错误,忽略该数据,16 变量值不存在
2017-06-23 10:02:50 [ERROR] <cacujob.go:123> 计算脚本 2,数据 map[data:map[leader:100046 cardcount:1 unionId:16]] 错误,忽略该数据,16 变量值不存在
2017-06-23 10:02:50 [ERROR] <cacujob.go:123> 计算脚本 2,数据 map[data:map[leader:100046 cardcount:1 unionId:16]] 错误,忽略该数据,16 变量值不存在
2017-06-23 10:02:50 [ERROR] <cacujob.go:123> 计算脚本 2,数据 map[data:map[leader:100046 cardcount:1 unionId:16]] 错误,忽略该数据,16 变量值不存在
2017-06-23 10:02:50 [ERROR] <cacujob.go:123> 计算脚本 2,数据 map[data:map[leader:100046 cardcount:1 unionId:16]] 错误,忽略该数据,16 变量值不存在
2017-06-23 10:02:50 [ERROR] <cacujob.go:123> 计算脚本 2,数据 map[data:map[cardcount:1 unionId:16 leader:100046]] 错误,忽略该数据,16 变量值不存在
2017-06-23 10:02:50 [ERROR] <cacujob.go:123> 计算脚本 2,数据 map[data:map[leader:100046 cardcount:1 unionId:16]] 错误,忽略该数据,16 变量值不存在
2017-06-23 10:02:50 [ERROR] <cacujob.go:123> 计算脚本 2,数据 map[data:map[leader:100046 cardcount:1 unionId:16]] 错误,忽略该数据,16 变量值不存在
2017-06-23 10:02:50 [ERROR] <cacujob.go:123> 计算脚本 2,数据 map[data:map[leader:100046 cardcount:1 unionId:16]] 错误,忽略该数据,16 变量值不存在
2017-06-23 10:02:50 [ERROR] <cacujob.go:123> 计算脚本 2,数据 map[data:map[leader:100046 cardcount:1 unionId:16]] 错误,忽略该数据,16 变量值不存在
2017-06-23 10:02:50 [ERROR] <cacujob.go:123> 计算脚本 2,数据 map[data:map[cardcount:1 unionId:16 leader:100046]] 错误,忽略该数据,16 变量值不存在
2017-06-23 10:02:50 [ERROR] <cacujob.go:123> 计算脚本 2,数据 map[data:map[leader:100046 cardcount:1 unionId:16]] 错误,忽略该数据,16 变量值不存在
2017-06-23 10:02:50 [ INFO] <statistics.go:111> 处理任务 3 结束,花费时间:200
2017-06-23 10:03:00 [ INFO] <statistics.go:103> 开始处理任务 0
2017-06-23 10:03:00 [ INFO] <statistics.go:111> 处理任务 0 结束,花费时间:432
2017-06-23 10:03:30 [ INFO] <statistics.go:103> 开始处理任务 1
2017-06-23 10:03:30 [ INFO] <statistics.go:111> 处理任务 1 结束,花费时间:157
2017-06-23 10:03:40 [ INFO] <statistics.go:103> 开始处理任务 2
2017-06-23 10:03:40 [ INFO] <statistics.go:111> 处理任务 2 结束,花费时间:155
2017-06-23 10:03:50 [ INFO] <statistics.go:103> 开始处理任务 3
2017-06-23 10:03:50 [ERROR] <cacujob.go:123> 计算脚本 2,数据 map[data:map[unionId:16 leader:100046 cardcount:1]] 错误,忽略该数据,16 变量值不存在
2017-06-23 10:03:50 [ERROR] <cacujob.go:123> 计算脚本 2,数据 map[data:map[leader:100046 cardcount:1 unionId:16]] 错误,忽略该数据,16 变量值不存在
2017-06-23 10:03:50 [ERROR] <cacujob.go:123> 计算脚本 2,数据 map[data:map[leader:100046 cardcount:1 unionId:16]] 错误,忽略该数据,16 变量值不存在
2017-06-23 10:03:50 [ERROR] <cacujob.go:123> 计算脚本 2,数据 map[data:map[leader:100056 cardcount:1 unionId:16]] 错误,忽略该数据,16 变量值不存在
2017-06-23 10:03:50 [ERROR] <cacujob.go:123> 计算脚本 2,数据 map[data:map[leader:100056 cardcount:1 unionId:16]] 错误,忽略该数据,16 变量值不存在
2017-06-23 10:03:50 [ERROR] <cacujob.go:123> 计算脚本 2,数据 map[data:map[leader:100046 cardcount:1 unionId:16]] 错误,忽略该数据,16 变量值不存在
2017-06-23 10:03:50 [ERROR] <cacujob.go:123> 计算脚本 2,数据 map[data:map[leader:100046 cardcount:1 unionId:16]] 错误,忽略该数据,16 变量值不存在
2017-06-23 10:03:50 [ERROR] <cacujob.go:123> 计算脚本 2,数据 map[data:map[leader:100046 cardcount:1 unionId:16]] 错误,忽略该数据,16 变量值不存在
2017-06-23 10:03:50 [ERROR] <cacujob.go:123> 计算脚本 2,数据 map[data:map[leader:100046 cardcount:1 unionId:16]] 错误,忽略该数据,16 变量值不存在
2017-06-23 10:03:50 [ERROR] <cacujob.go:123> 计算脚本 2,数据 map[data:map[leader:100046 cardcount:1 unionId:16]] 错误,忽略该数据,16 变量值不存在
2017-06-23 10:03:50 [ERROR] <cacujob.go:123> 计算脚本 2,数据 map[data:map[leader:100046 cardcount:1 unionId:16]] 错误,忽略该数据,16 变量值不存在
2017-06-23 10:03:50 [ERROR] <cacujob.go:123> 计算脚本 2,数据 map[data:map[leader:100046 cardcount:1 unionId:16]] 错误,忽略该数据,16 变量值不存在
2017-06-23 10:03:50 [ERROR] <cacujob.go:123> 计算脚本 2,数据 map[data:map[leader:100046 cardcount:1 unionId:16]] 错误,忽略该数据,16 变量值不存在
2017-06-23 10:03:50 [ERROR] <cacujob.go:123> 计算脚本 2,数据 map[data:map[cardcount:1 unionId:16 leader:100046]] 错误,忽略该数据,16 变量值不存在
2017-06-23 10:03:50 [ERROR] <cacujob.go:123> 计算脚本 2,数据 map[data:map[unionId:16 leader:100046 cardcount:1]] 错误,忽略该数据,16 变量值不存在
2017-06-23 10:03:50 [ERROR] <cacujob.go:123> 计算脚本 2,数据 map[data:map[leader:100046 cardcount:1 unionId:16]] 错误,忽略该数据,16 变量值不存在
2017-06-23 10:03:50 [ERROR] <cacujob.go:123> 计算脚本 2,数据 map[data:map[leader:100046 cardcount:1 unionId:16]] 错误,忽略该数据,16 变量值不存在
2017-06-23 10:03:50 [ERROR] <cacujob.go:123> 计算脚本 2,数据 map[data:map[leader:100046 cardcount:1 unionId:16]] 错误,忽略该数据,16 变量值不存在
2017-06-23 10:03:50 [ERROR] <cacujob.go:123> 计算脚本 2,数据 map[data:map[leader:100046 cardcount:1 unionId:16]] 错误,忽略该数据,16 变量值不存在
2017-06-23 10:03:50 [ERROR] <cacujob.go:123> 计算脚本 2,数据 map[data:map[leader:100046 cardcount:1 unionId:16]] 错误,忽略该数据,16 变量值不存在
2017-06-23 10:03:50 [ERROR] <cacujob.go:123> 计算脚本 2,数据 map[data:map[cardcount:1 unionId:16 leader:100046]] 错误,忽略该数据,16 变量值不存在
2017-06-23 10:03:50 [ERROR] <cacujob.go:123> 计算脚本 2,数据 map[data:map[leader:100046 cardcount:1 unionId:16]] 错误,忽略该数据,16 变量值不存在
2017-06-23 10:03:50 [ERROR] <cacujob.go:123> 计算脚本 2,数据 map[data:map[leader:100046 cardcount:1 unionId:16]] 错误,忽略该数据,16 变量值不存在
2017-06-23 10:03:50 [ERROR] <cacujob.go:123> 计算脚本 2,数据 map[data:map[leader:100046 cardcount:1 unionId:16]] 错误,忽略该数据,16 变量值不存在
2017-06-23 10:03:50 [ERROR] <cacujob.go:123> 计算脚本 2,数据 map[data:map[cardcount:1 unionId:16 leader:100046]] 错误,忽略该数据,16 变量值不存在
2017-06-23 10:03:50 [ERROR] <cacujob.go:123> 计算脚本 2,数据 map[data:map[cardcount:1 unionId:16 leader:100046]] 错误,忽略该数据,16 变量值不存在
2017-06-23 10:03:50 [ERROR] <cacujob.go:123> 计算脚本 2,数据 map[data:map[cardcount:1 unionId:16 leader:100046]] 错误,忽略该数据,16 变量值不存在
2017-06-23 10:03:50 [ERROR] <cacujob.go:123> 计算脚本 2,数据 map[data:map[leader:100046 cardcount:1 unionId:16]] 错误,忽略该数据,16 变量值不存在
2017-06-23 10:03:50 [ERROR] <cacujob.go:123> 计算脚本 2,数据 map[data:map[leader:100046 cardcount:1 unionId:16]] 错误,忽略该数据,16 变量值不存在
2017-06-23 10:03:50 [ERROR] <cacujob.go:123> 计算脚本 2,数据 map[data:map[leader:100046 cardcount:1 unionId:16]] 错误,忽略该数据,16 变量值不存在
2017-06-23 10:03:50 [ INFO] <statistics.go:111> 处理任务 3 结束,花费时间:195
2017-06-23 10:04:00 [ INFO] <statistics.go:103> 开始处理任务 0
2017-06-23 10:04:00 [ INFO] <statistics.go:111> 处理任务 0 结束,花费时间:404
2017-06-23 10:04:30 [ INFO] <statistics.go:103> 开始处理任务 1
2017-06-23 10:04:30 [ INFO] <statistics.go:111> 处理任务 1 结束,花费时间:152
2017-06-23 10:04:40 [ INFO] <statistics.go:103> 开始处理任务 2
2017-06-23 10:04:40 [ INFO] <statistics.go:111> 处理任务 2 结束,花费时间:153
2017-06-23 10:04:50 [ INFO] <statistics.go:103> 开始处理任务 3
2017-06-23 10:04:50 [ERROR] <cacujob.go:123> 计算脚本 2,数据 map[data:map[leader:100046 cardcount:1 unionId:16]] 错误,忽略该数据,16 变量值不存在
2017-06-23 10:04:50 [ERROR] <cacujob.go:123> 计算脚本 2,数据 map[data:map[leader:100046 cardcount:1 unionId:16]] 错误,忽略该数据,16 变量值不存在
2017-06-23 10:04:50 [ERROR] <cacujob.go:123> 计算脚本 2,数据 map[data:map[cardcount:1 unionId:16 leader:100046]] 错误,忽略该数据,16 变量值不存在
2017-06-23 10:04:50 [ERROR] <cacujob.go:123> 计算脚本 2,数据 map[data:map[cardcount:1 unionId:16 leader:100056]] 错误,忽略该数据,16 变量值不存在
2017-06-23 10:04:50 [ERROR] <cacujob.go:123> 计算脚本 2,数据 map[data:map[cardcount:1 unionId:16 leader:100056]] 错误,忽略该数据,16 变量值不存在
2017-06-23 10:04:50 [ERROR] <cacujob.go:123> 计算脚本 2,数据 map[data:map[leader:100046 cardcount:1 unionId:16]] 错误,忽略该数据,16 变量值不存在
2017-06-23 10:04:50 [ERROR] <cacujob.go:123> 计算脚本 2,数据 map[data:map[unionId:16 leader:100046 cardcount:1]] 错误,忽略该数据,16 变量值不存在
2017-06-23 10:04:50 [ERROR] <cacujob.go:123> 计算脚本 2,数据 map[data:map[leader:100046 cardcount:1 unionId:16]] 错误,忽略该数据,16 变量值不存在
2017-06-23 10:04:50 [ERROR] <cacujob.go:123> 计算脚本 2,数据 map[data:map[leader:100046 cardcount:1 unionId:16]] 错误,忽略该数据,16 变量值不存在
2017-06-23 10:04:50 [ERROR] <cacujob.go:123> 计算脚本 2,数据 map[data:map[leader:100046 cardcount:1 unionId:16]] 错误,忽略该数据,16 变量值不存在
2017-06-23 10:04:50 [ERROR] <cacujob.go:123> 计算脚本 2,数据 map[data:map[leader:100046 cardcount:1 unionId:16]] 错误,忽略该数据,16 变量值不存在
2017-06-23 10:04:50 [ERROR] <cacujob.go:123> 计算脚本 2,数据 map[data:map[leader:100046 cardcount:1 unionId:16]] 错误,忽略该数据,16 变量值不存在
2017-06-23 10:04:50 [ERROR] <cacujob.go:123> 计算脚本 2,数据 map[data:map[unionId:16 leader:100046 cardcount:1]] 错误,忽略该数据,16 变量值不存在
2017-06-23 10:04:50 [ERROR] <cacujob.go:123> 计算脚本 2,数据 map[data:map[cardcount:1 unionId:16 leader:100046]] 错误,忽略该数据,16 变量值不存在
2017-06-23 10:04:50 [ERROR] <cacujob.go:123> 计算脚本 2,数据 map[data:map[leader:100046 cardcount:1 unionId:16]] 错误,忽略该数据,16 变量值不存在
2017-06-23 10:04:50 [ERROR] <cacujob.go:123> 计算脚本 2,数据 map[data:map[leader:100046 cardcount:1 unionId:16]] 错误,忽略该数据,16 变量值不存在
2017-06-23 10:04:50 [ERROR] <cacujob.go:123> 计算脚本 2,数据 map[data:map[cardcount:1 unionId:16 leader:100046]] 错误,忽略该数据,16 变量值不存在
2017-06-23 10:04:50 [ERROR] <cacujob.go:123> 计算脚本 2,数据 map[data:map[leader:100046 cardcount:1 unionId:16]] 错误,忽略该数据,16 变量值不存在
2017-06-23 10:04:50 [ERROR] <cacujob.go:123> 计算脚本 2,数据 map[data:map[leader:100046 cardcount:1 unionId:16]] 错误,忽略该数据,16 变量值不存在
2017-06-23 10:04:50 [ERROR] <cacujob.go:123> 计算脚本 2,数据 map[data:map[leader:100046 cardcount:1 unionId:16]] 错误,忽略该数据,16 变量值不存在
2017-06-23 10:04:50 [ERROR] <cacujob.go:123> 计算脚本 2,数据 map[data:map[leader:100046 cardcount:1 unionId:16]] 错误,忽略该数据,16 变量值不存在
2017-06-23 10:04:50 [ERROR] <cacujob.go:123> 计算脚本 2,数据 map[data:map[leader:100046 cardcount:1 unionId:16]] 错误,忽略该数据,16 变量值不存在
2017-06-23 10:04:50 [ERROR] <cacujob.go:123> 计算脚本 2,数据 map[data:map[leader:100046 cardcount:1 unionId:16]] 错误,忽略该数据,16 变量值不存在
2017-06-23 10:04:50 [ERROR] <cacujob.go:123> 计算脚本 2,数据 map[data:map[leader:100046 cardcount:1 unionId:16]] 错误,忽略该数据,16 变量值不存在
2017-06-23 10:04:50 [ERROR] <cacujob.go:123> 计算脚本 2,数据 map[data:map[unionId:16 leader:100046 cardcount:1]] 错误,忽略该数据,16 变量值不存在
2017-06-23 10:04:50 [ERROR] <cacujob.go:123> 计算脚本 2,数据 map[data:map[leader:100046 cardcount:1 unionId:16]] 错误,忽略该数据,16 变量值不存在
2017-06-23 10:04:50 [ERROR] <cacujob.go:123> 计算脚本 2,数据 map[data:map[leader:100046 cardcount:1 unionId:16]] 错误,忽略该数据,16 变量值不存在
2017-06-23 10:04:50 [ERROR] <cacujob.go:123> 计算脚本 2,数据 map[data:map[unionId:16 leader:100046 cardcount:1]] 错误,忽略该数据,16 变量值不存在
2017-06-23 10:04:50 [ERROR] <cacujob.go:123> 计算脚本 2,数据 map[data:map[leader:100046 cardcount:1 unionId:16]] 错误,忽略该数据,16 变量值不存在
2017-06-23 10:04:50 [ERROR] <cacujob.go:123> 计算脚本 2,数据 map[data:map[leader:100046 cardcount:1 unionId:16]] 错误,忽略该数据,16 变量值不存在
2017-06-23 10:04:50 [ INFO] <statistics.go:111> 处理任务 3 结束,花费时间:192
2017-06-23 10:05:00 [ INFO] <statistics.go:103> 开始处理任务 0
2017-06-23 10:05:00 [ INFO] <statistics.go:111> 处理任务 0 结束,花费时间:396
2017-06-23 10:05:30 [ INFO] <statistics.go:103> 开始处理任务 1
2017-06-23 10:05:30 [ INFO] <statistics.go:111> 处理任务 1 结束,花费时间:151
2017-06-23 10:05:40 [ INFO] <statistics.go:103> 开始处理任务 2
2017-06-23 10:05:40 [ INFO] <statistics.go:111> 处理任务 2 结束,花费时间:159
2017-06-23 10:05:50 [ INFO] <statistics.go:103> 开始处理任务 3
2017-06-23 10:05:50 [ERROR] <cacujob.go:123> 计算脚本 2,数据 map[data:map[leader:100046 cardcount:1 unionId:16]] 错误,忽略该数据,16 变量值不存在
2017-06-23 10:05:50 [ERROR] <cacujob.go:123> 计算脚本 2,数据 map[data:map[leader:100046 cardcount:1 unionId:16]] 错误,忽略该数据,16 变量值不存在
2017-06-23 10:05:50 [ERROR] <cacujob.go:123> 计算脚本 2,数据 map[data:map[leader:100046 cardcount:1 unionId:16]] 错误,忽略该数据,16 变量值不存在
2017-06-23 10:05:50 [ERROR] <cacujob.go:123> 计算脚本 2,数据 map[data:map[leader:100056 cardcount:1 unionId:16]] 错误,忽略该数据,16 变量值不存在
2017-06-23 10:05:50 [ERROR] <cacujob.go:123> 计算脚本 2,数据 map[data:map[leader:100056 cardcount:1 unionId:16]] 错误,忽略该数据,16 变量值不存在
2017-06-23 10:05:50 [ERROR] <cacujob.go:123> 计算脚本 2,数据 map[data:map[leader:100046 cardcount:1 unionId:16]] 错误,忽略该数据,16 变量值不存在
2017-06-23 10:05:50 [ERROR] <cacujob.go:123> 计算脚本 2,数据 map[data:map[leader:100046 cardcount:1 unionId:16]] 错误,忽略该数据,16 变量值不存在
2017-06-23 10:05:50 [ERROR] <cacujob.go:123> 计算脚本 2,数据 map[data:map[cardcount:1 unionId:16 leader:100046]] 错误,忽略该数据,16 变量值不存在
2017-06-23 10:05:50 [ERROR] <cacujob.go:123> 计算脚本 2,数据 map[data:map[leader:100046 cardcount:1 unionId:16]] 错误,忽略该数据,16 变量值不存在
2017-06-23 10:05:50 [ERROR] <cacujob.go:123> 计算脚本 2,数据 map[data:map[leader:100046 cardcount:1 unionId:16]] 错误,忽略该数据,16 变量值不存在
2017-06-23 10:05:50 [ERROR] <cacujob.go:123> 计算脚本 2,数据 map[data:map[leader:100046 cardcount:1 unionId:16]] 错误,忽略该数据,16 变量值不存在
2017-06-23 10:05:50 [ERROR] <cacujob.go:123> 计算脚本 2,数据 map[data:map[unionId:16 leader:100046 cardcount:1]] 错误,忽略该数据,16 变量值不存在
2017-06-23 10:05:50 [ERROR] <cacujob.go:123> 计算脚本 2,数据 map[data:map[unionId:16 leader:100046 cardcount:1]] 错误,忽略该数据,16 变量值不存在
2017-06-23 10:05:50 [ERROR] <cacujob.go:123> 计算脚本 2,数据 map[data:map[leader:100046 cardcount:1 unionId:16]] 错误,忽略该数据,16 变量值不存在
2017-06-23 10:05:50 [ERROR] <cacujob.go:123> 计算脚本 2,数据 map[data:map[leader:100046 cardcount:1 unionId:16]] 错误,忽略该数据,16 变量值不存在
2017-06-23 10:05:50 [ERROR] <cacujob.go:123> 计算脚本 2,数据 map[data:map[leader:100046 cardcount:1 unionId:16]] 错误,忽略该数据,16 变量值不存在
2017-06-23 10:05:50 [ERROR] <cacujob.go:123> 计算脚本 2,数据 map[data:map[unionId:16 leader:100046 cardcount:1]] 错误,忽略该数据,16 变量值不存在
2017-06-23 10:05:50 [ERROR] <cacujob.go:123> 计算脚本 2,数据 map[data:map[unionId:16 leader:100046 cardcount:1]] 错误,忽略该数据,16 变量值不存在
2017-06-23 10:05:50 [ERROR] <cacujob.go:123> 计算脚本 2,数据 map[data:map[leader:100046 cardcount:1 unionId:16]] 错误,忽略该数据,16 变量值不存在
2017-06-23 10:05:50 [ERROR] <cacujob.go:123> 计算脚本 2,数据 map[data:map[leader:100046 cardcount:1 unionId:16]] 错误,忽略该数据,16 变量值不存在
2017-06-23 10:05:50 [ERROR] <cacujob.go:123> 计算脚本 2,数据 map[data:map[leader:100046 cardcount:1 unionId:16]] 错误,忽略该数据,16 变量值不存在
2017-06-23 10:05:50 [ERROR] <cacujob.go:123> 计算脚本 2,数据 map[data:map[leader:100046 cardcount:1 unionId:16]] 错误,忽略该数据,16 变量值不存在
2017-06-23 10:05:50 [ERROR] <cacujob.go:123> 计算脚本 2,数据 map[data:map[unionId:16 leader:100046 cardcount:1]] 错误,忽略该数据,16 变量值不存在
2017-06-23 10:05:50 [ERROR] <cacujob.go:123> 计算脚本 2,数据 map[data:map[leader:100046 cardcount:1 unionId:16]] 错误,忽略该数据,16 变量值不存在
2017-06-23 10:05:50 [ERROR] <cacujob.go:123> 计算脚本 2,数据 map[data:map[leader:100046 cardcount:1 unionId:16]] 错误,忽略该数据,16 变量值不存在
2017-06-23 10:05:50 [ERROR] <cacujob.go:123> 计算脚本 2,数据 map[data:map[leader:100046 cardcount:1 unionId:16]] 错误,忽略该数据,16 变量值不存在
2017-06-23 10:05:50 [ERROR] <cacujob.go:123> 计算脚本 2,数据 map[data:map[cardcount:1 unionId:16 leader:100046]] 错误,忽略该数据,16 变量值不存在
2017-06-23 10:05:50 [ERROR] <cacujob.go:123> 计算脚本 2,数据 map[data:map[cardcount:1 unionId:16 leader:100046]] 错误,忽略该数据,16 变量值不存在
2017-06-23 10:05:50 [ERROR] <cacujob.go:123> 计算脚本 2,数据 map[data:map[leader:100046 cardcount:1 unionId:16]] 错误,忽略该数据,16 变量值不存在
2017-06-23 10:05:50 [ERROR] <cacujob.go:123> 计算脚本 2,数据 map[data:map[leader:100046 cardcount:1 unionId:16]] 错误,忽略该数据,16 变量值不存在
2017-06-23 10:05:50 [ INFO] <statistics.go:111> 处理任务 3 结束,花费时间:197
2017-06-23 10:06:00 [ INFO] <statistics.go:103> 开始处理任务 0
2017-06-23 10:06:00 [ INFO] <statistics.go:111> 处理任务 0 结束,花费时间:406
2017-06-23 10:06:30 [ INFO] <statistics.go:103> 开始处理任务 1
2017-06-23 10:06:30 [ INFO] <statistics.go:111> 处理任务 1 结束,花费时间:155
2017-06-23 10:06:40 [ INFO] <statistics.go:103> 开始处理任务 2
2017-06-23 10:06:40 [ INFO] <statistics.go:111> 处理任务 2 结束,花费时间:158
2017-06-23 10:06:50 [ INFO] <statistics.go:103> 开始处理任务 3
2017-06-23 10:06:50 [ERROR] <cacujob.go:123> 计算脚本 2,数据 map[data:map[cardcount:1 unionId:16 leader:100046]] 错误,忽略该数据,16 变量值不存在
2017-06-23 10:06:50 [ERROR] <cacujob.go:123> 计算脚本 2,数据 map[data:map[leader:100046 cardcount:1 unionId:16]] 错误,忽略该数据,16 变量值不存在
2017-06-23 10:06:50 [ERROR] <cacujob.go:123> 计算脚本 2,数据 map[data:map[leader:100046 cardcount:1 unionId:16]] 错误,忽略该数据,16 变量值不存在
2017-06-23 10:06:50 [ERROR] <cacujob.go:123> 计算脚本 2,数据 map[data:map[unionId:16 leader:100056 cardcount:1]] 错误,忽略该数据,16 变量值不存在
2017-06-23 10:06:50 [ERROR] <cacujob.go:123> 计算脚本 2,数据 map[data:map[unionId:16 leader:100056 cardcount:1]] 错误,忽略该数据,16 变量值不存在
2017-06-23 10:06:50 [ERROR] <cacujob.go:123> 计算脚本 2,数据 map[data:map[unionId:16 leader:100046 cardcount:1]] 错误,忽略该数据,16 变量值不存在
2017-06-23 10:06:50 [ERROR] <cacujob.go:123> 计算脚本 2,数据 map[data:map[leader:100046 cardcount:1 unionId:16]] 错误,忽略该数据,16 变量值不存在
2017-06-23 10:06:50 [ERROR] <cacujob.go:123> 计算脚本 2,数据 map[data:map[cardcount:1 unionId:16 leader:100046]] 错误,忽略该数据,16 变量值不存在
2017-06-23 10:06:50 [ERROR] <cacujob.go:123> 计算脚本 2,数据 map[data:map[leader:100046 cardcount:1 unionId:16]] 错误,忽略该数据,16 变量值不存在
2017-06-23 10:06:50 [ERROR] <cacujob.go:123> 计算脚本 2,数据 map[data:map[leader:100046 cardcount:1 unionId:16]] 错误,忽略该数据,16 变量值不存在
2017-06-23 10:06:50 [ERROR] <cacujob.go:123> 计算脚本 2,数据 map[data:map[leader:100046 cardcount:1 unionId:16]] 错误,忽略该数据,16 变量值不存在
2017-06-23 10:06:50 [ERROR] <cacujob.go:123> 计算脚本 2,数据 map[data:map[leader:100046 cardcount:1 unionId:16]] 错误,忽略该数据,16 变量值不存在
2017-06-23 10:06:50 [ERROR] <cacujob.go:123> 计算脚本 2,数据 map[data:map[leader:100046 cardcount:1 unionId:16]] 错误,忽略该数据,16 变量值不存在
2017-06-23 10:06:50 [ERROR] <cacujob.go:123> 计算脚本 2,数据 map[data:map[leader:100046 cardcount:1 unionId:16]] 错误,忽略该数据,16 变量值不存在
2017-06-23 10:06:50 [ERROR] <cacujob.go:123> 计算脚本 2,数据 map[data:map[leader:100046 cardcount:1 unionId:16]] 错误,忽略该数据,16 变量值不存在
2017-06-23 10:06:50 [ERROR] <cacujob.go:123> 计算脚本 2,数据 map[data:map[unionId:16 leader:100046 cardcount:1]] 错误,忽略该数据,16 变量值不存在
2017-06-23 10:06:50 [ERROR] <cacujob.go:123> 计算脚本 2,数据 map[data:map[leader:100046 cardcount:1 unionId:16]] 错误,忽略该数据,16 变量值不存在
2017-06-23 10:06:50 [ERROR] <cacujob.go:123> 计算脚本 2,数据 map[data:map[leader:100046 cardcount:1 unionId:16]] 错误,忽略该数据,16 变量值不存在
2017-06-23 10:06:50 [ERROR] <cacujob.go:123> 计算脚本 2,数据 map[data:map[leader:100046 cardcount:1 unionId:16]] 错误,忽略该数据,16 变量值不存在
2017-06-23 10:06:50 [ERROR] <cacujob.go:123> 计算脚本 2,数据 map[data:map[leader:100046 cardcount:1 unionId:16]] 错误,忽略该数据,16 变量值不存在
2017-06-23 10:06:50 [ERROR] <cacujob.go:123> 计算脚本 2,数据 map[data:map[leader:100046 cardcount:1 unionId:16]] 错误,忽略该数据,16 变量值不存在
2017-06-23 10:06:50 [ERROR] <cacujob.go:123> 计算脚本 2,数据 map[data:map[unionId:16 leader:100046 cardcount:1]] 错误,忽略该数据,16 变量值不存在
2017-06-23 10:06:50 [ERROR] <cacujob.go:123> 计算脚本 2,数据 map[data:map[leader:100046 cardcount:1 unionId:16]] 错误,忽略该数据,16 变量值不存在
2017-06-23 10:06:50 [ERROR] <cacujob.go:123> 计算脚本 2,数据 map[data:map[unionId:16 leader:100046 cardcount:1]] 错误,忽略该数据,16 变量值不存在
2017-06-23 10:06:50 [ERROR] <cacujob.go:123> 计算脚本 2,数据 map[data:map[unionId:16 leader:100046 cardcount:1]] 错误,忽略该数据,16 变量值不存在
2017-06-23 10:06:50 [ERROR] <cacujob.go:123> 计算脚本 2,数据 map[data:map[leader:100046 cardcount:1 unionId:16]] 错误,忽略该数据,16 变量值不存在
2017-06-23 10:06:50 [ERROR] <cacujob.go:123> 计算脚本 2,数据 map[data:map[cardcount:1 unionId:16 leader:100046]] 错误,忽略该数据,16 变量值不存在
2017-06-23 10:06:50 [ERROR] <cacujob.go:123> 计算脚本 2,数据 map[data:map[leader:100046 cardcount:1 unionId:16]] 错误,忽略该数据,16 变量值不存在
2017-06-23 10:06:50 [ERROR] <cacujob.go:123> 计算脚本 2,数据 map[data:map[cardcount:1 unionId:16 leader:100046]] 错误,忽略该数据,16 变量值不存在
2017-06-23 10:06:50 [ERROR] <cacujob.go:123> 计算脚本 2,数据 map[data:map[leader:100046 cardcount:1 unionId:16]] 错误,忽略该数据,16 变量值不存在
2017-06-23 10:06:50 [ INFO] <statistics.go:111> 处理任务 3 结束,花费时间:192
2017-06-23 10:07:00 [ INFO] <statistics.go:103> 开始处理任务 0
2017-06-23 10:07:00 [ INFO] <statistics.go:111> 处理任务 0 结束,花费时间:516
2017-06-23 10:07:30 [ INFO] <statistics.go:103> 开始处理任务 1
2017-06-23 10:07:30 [ INFO] <statistics.go:111> 处理任务 1 结束,花费时间:153
2017-06-23 10:07:40 [ INFO] <statistics.go:103> 开始处理任务 2
2017-06-23 10:07:40 [ INFO] <statistics.go:111> 处理任务 2 结束,花费时间:153
2017-06-23 10:07:50 [ INFO] <statistics.go:103> 开始处理任务 3
2017-06-23 10:07:50 [ERROR] <cacujob.go:123> 计算脚本 2,数据 map[data:map[unionId:16 leader:100046 cardcount:1]] 错误,忽略该数据,16 变量值不存在
2017-06-23 10:07:50 [ERROR] <cacujob.go:123> 计算脚本 2,数据 map[data:map[leader:100046 cardcount:1 unionId:16]] 错误,忽略该数据,16 变量值不存在
2017-06-23 10:07:50 [ERROR] <cacujob.go:123> 计算脚本 2,数据 map[data:map[leader:100046 cardcount:1 unionId:16]] 错误,忽略该数据,16 变量值不存在
2017-06-23 10:07:50 [ERROR] <cacujob.go:123> 计算脚本 2,数据 map[data:map[unionId:16 leader:100056 cardcount:1]] 错误,忽略该数据,16 变量值不存在
2017-06-23 10:07:50 [ERROR] <cacujob.go:123> 计算脚本 2,数据 map[data:map[leader:100056 cardcount:1 unionId:16]] 错误,忽略该数据,16 变量值不存在
2017-06-23 10:07:50 [ERROR] <cacujob.go:123> 计算脚本 2,数据 map[data:map[leader:100046 cardcount:1 unionId:16]] 错误,忽略该数据,16 变量值不存在
2017-06-23 10:07:50 [ERROR] <cacujob.go:123> 计算脚本 2,数据 map[data:map[leader:100046 cardcount:1 unionId:16]] 错误,忽略该数据,16 变量值不存在
2017-06-23 10:07:50 [ERROR] <cacujob.go:123> 计算脚本 2,数据 map[data:map[leader:100046 cardcount:1 unionId:16]] 错误,忽略该数据,16 变量值不存在
2017-06-23 10:07:50 [ERROR] <cacujob.go:123> 计算脚本 2,数据 map[data:map[unionId:16 leader:100046 cardcount:1]] 错误,忽略该数据,16 变量值不存在
2017-06-23 10:07:50 [ERROR] <cacujob.go:123> 计算脚本 2,数据 map[data:map[leader:100046 cardcount:1 unionId:16]] 错误,忽略该数据,16 变量值不存在
2017-06-23 10:07:50 [ERROR] <cacujob.go:123> 计算脚本 2,数据 map[data:map[leader:100046 cardcount:1 unionId:16]] 错误,忽略该数据,16 变量值不存在
2017-06-23 10:07:50 [ERROR] <cacujob.go:123> 计算脚本 2,数据 map[data:map[unionId:16 leader:100046 cardcount:1]] 错误,忽略该数据,16 变量值不存在
2017-06-23 10:07:50 [ERROR] <cacujob.go:123> 计算脚本 2,数据 map[data:map[leader:100046 cardcount:1 unionId:16]] 错误,忽略该数据,16 变量值不存在
2017-06-23 10:07:50 [ERROR] <cacujob.go:123> 计算脚本 2,数据 map[data:map[leader:100046 cardcount:1 unionId:16]] 错误,忽略该数据,16 变量值不存在
2017-06-23 10:07:50 [ERROR] <cacujob.go:123> 计算脚本 2,数据 map[data:map[cardcount:1 unionId:16 leader:100046]] 错误,忽略该数据,16 变量值不存在
2017-06-23 10:07:50 [ERROR] <cacujob.go:123> 计算脚本 2,数据 map[data:map[leader:100046 cardcount:1 unionId:16]] 错误,忽略该数据,16 变量值不存在
2017-06-23 10:07:50 [ERROR] <cacujob.go:123> 计算脚本 2,数据 map[data:map[leader:100046 cardcount:1 unionId:16]] 错误,忽略该数据,16 变量值不存在
2017-06-23 10:07:50 [ERROR] <cacujob.go:123> 计算脚本 2,数据 map[data:map[leader:100046 cardcount:1 unionId:16]] 错误,忽略该数据,16 变量值不存在
2017-06-23 10:07:50 [ERROR] <cacujob.go:123> 计算脚本 2,数据 map[data:map[leader:100046 cardcount:1 unionId:16]] 错误,忽略该数据,16 变量值不存在
2017-06-23 10:07:50 [ERROR] <cacujob.go:123> 计算脚本 2,数据 map[data:map[cardcount:1 unionId:16 leader:100046]] 错误,忽略该数据,16 变量值不存在
2017-06-23 10:07:50 [ERROR] <cacujob.go:123> 计算脚本 2,数据 map[data:map[leader:100046 cardcount:1 unionId:16]] 错误,忽略该数据,16 变量值不存在
2017-06-23 10:07:50 [ERROR] <cacujob.go:123> 计算脚本 2,数据 map[data:map[leader:100046 cardcount:1 unionId:16]] 错误,忽略该数据,16 变量值不存在
2017-06-23 10:07:50 [ERROR] <cacujob.go:123> 计算脚本 2,数据 map[data:map[leader:100046 cardcount:1 unionId:16]] 错误,忽略该数据,16 变量值不存在
2017-06-23 10:07:50 [ERROR] <cacujob.go:123> 计算脚本 2,数据 map[data:map[cardcount:1 unionId:16 leader:100046]] 错误,忽略该数据,16 变量值不存在
2017-06-23 10:07:50 [ERROR] <cacujob.go:123> 计算脚本 2,数据 map[data:map[cardcount:1 unionId:16 leader:100046]] 错误,忽略该数据,16 变量值不存在
2017-06-23 10:07:50 [ERROR] <cacujob.go:123> 计算脚本 2,数据 map[data:map[leader:100046 cardcount:1 unionId:16]] 错误,忽略该数据,16 变量值不存在
2017-06-23 10:07:50 [ERROR] <cacujob.go:123> 计算脚本 2,数据 map[data:map[leader:100046 cardcount:1 unionId:16]] 错误,忽略该数据,16 变量值不存在
2017-06-23 10:07:50 [ERROR] <cacujob.go:123> 计算脚本 2,数据 map[data:map[cardcount:1 unionId:16 leader:100046]] 错误,忽略该数据,16 变量值不存在
2017-06-23 10:07:50 [ERROR] <cacujob.go:123> 计算脚本 2,数据 map[data:map[cardcount:1 unionId:16 leader:100046]] 错误,忽略该数据,16 变量值不存在
2017-06-23 10:07:50 [ERROR] <cacujob.go:123> 计算脚本 2,数据 map[data:map[unionId:16 leader:100046 cardcount:1]] 错误,忽略该数据,16 变量值不存在
2017-06-23 10:07:50 [ INFO] <statistics.go:111> 处理任务 3 结束,花费时间:195
2017-06-23 10:08:00 [ INFO] <statistics.go:103> 开始处理任务 0
2017-06-23 10:08:00 [ INFO] <statistics.go:111> 处理任务 0 结束,花费时间:437
2017-06-23 10:08:30 [ INFO] <statistics.go:103> 开始处理任务 1
2017-06-23 10:08:30 [ INFO] <statistics.go:111> 处理任务 1 结束,花费时间:151
2017-06-23 10:08:40 [ INFO] <statistics.go:103> 开始处理任务 2
2017-06-23 10:08:40 [ INFO] <statistics.go:111> 处理任务 2 结束,花费时间:155
2017-06-23 10:08:50 [ INFO] <statistics.go:103> 开始处理任务 3
2017-06-23 10:08:50 [ERROR] <cacujob.go:123> 计算脚本 2,数据 map[data:map[leader:100046 cardcount:1 unionId:16]] 错误,忽略该数据,16 变量值不存在
2017-06-23 10:08:50 [ERROR] <cacujob.go:123> 计算脚本 2,数据 map[data:map[leader:100046 cardcount:1 unionId:16]] 错误,忽略该数据,16 变量值不存在
2017-06-23 10:08:50 [ERROR] <cacujob.go:123> 计算脚本 2,数据 map[data:map[unionId:16 leader:100046 cardcount:1]] 错误,忽略该数据,16 变量值不存在
2017-06-23 10:08:50 [ERROR] <cacujob.go:123> 计算脚本 2,数据 map[data:map[leader:100056 cardcount:1 unionId:16]] 错误,忽略该数据,16 变量值不存在
2017-06-23 10:08:50 [ERROR] <cacujob.go:123> 计算脚本 2,数据 map[data:map[cardcount:1 unionId:16 leader:100056]] 错误,忽略该数据,16 变量值不存在
2017-06-23 10:08:50 [ERROR] <cacujob.go:123> 计算脚本 2,数据 map[data:map[leader:100046 cardcount:1 unionId:16]] 错误,忽略该数据,16 变量值不存在
2017-06-23 10:08:50 [ERROR] <cacujob.go:123> 计算脚本 2,数据 map[data:map[leader:100046 cardcount:1 unionId:16]] 错误,忽略该数据,16 变量值不存在
2017-06-23 10:08:50 [ERROR] <cacujob.go:123> 计算脚本 2,数据 map[data:map[cardcount:1 unionId:16 leader:100046]] 错误,忽略该数据,16 变量值不存在
2017-06-23 10:08:50 [ERROR] <cacujob.go:123> 计算脚本 2,数据 map[data:map[leader:100046 cardcount:1 unionId:16]] 错误,忽略该数据,16 变量值不存在
2017-06-23 10:08:50 [ERROR] <cacujob.go:123> 计算脚本 2,数据 map[data:map[leader:100046 cardcount:1 unionId:16]] 错误,忽略该数据,16 变量值不存在
2017-06-23 10:08:50 [ERROR] <cacujob.go:123> 计算脚本 2,数据 map[data:map[unionId:16 leader:100046 cardcount:1]] 错误,忽略该数据,16 变量值不存在
2017-06-23 10:08:50 [ERROR] <cacujob.go:123> 计算脚本 2,数据 map[data:map[leader:100046 cardcount:1 unionId:16]] 错误,忽略该数据,16 变量值不存在
2017-06-23 10:08:50 [ERROR] <cacujob.go:123> 计算脚本 2,数据 map[data:map[leader:100046 cardcount:1 unionId:16]] 错误,忽略该数据,16 变量值不存在
2017-06-23 10:08:50 [ERROR] <cacujob.go:123> 计算脚本 2,数据 map[data:map[leader:100046 cardcount:1 unionId:16]] 错误,忽略该数据,16 变量值不存在
2017-06-23 10:08:50 [ERROR] <cacujob.go:123> 计算脚本 2,数据 map[data:map[leader:100046 cardcount:1 unionId:16]] 错误,忽略该数据,16 变量值不存在
2017-06-23 10:08:50 [ERROR] <cacujob.go:123> 计算脚本 2,数据 map[data:map[leader:100046 cardcount:1 unionId:16]] 错误,忽略该数据,16 变量值不存在
2017-06-23 10:08:50 [ERROR] <cacujob.go:123> 计算脚本 2,数据 map[data:map[leader:100046 cardcount:1 unionId:16]] 错误,忽略该数据,16 变量值不存在
2017-06-23 10:08:50 [ERROR] <cacujob.go:123> 计算脚本 2,数据 map[data:map[leader:100046 cardcount:1 unionId:16]] 错误,忽略该数据,16 变量值不存在
2017-06-23 10:08:50 [ERROR] <cacujob.go:123> 计算脚本 2,数据 map[data:map[leader:100046 cardcount:1 unionId:16]] 错误,忽略该数据,16 变量值不存在
2017-06-23 10:08:50 [ERROR] <cacujob.go:123> 计算脚本 2,数据 map[data:map[leader:100046 cardcount:1 unionId:16]] 错误,忽略该数据,16 变量值不存在
2017-06-23 10:08:50 [ERROR] <cacujob.go:123> 计算脚本 2,数据 map[data:map[unionId:16 leader:100046 cardcount:1]] 错误,忽略该数据,16 变量值不存在
2017-06-23 10:08:50 [ERROR] <cacujob.go:123> 计算脚本 2,数据 map[data:map[leader:100046 cardcount:1 unionId:16]] 错误,忽略该数据,16 变量值不存在
2017-06-23 10:08:50 [ERROR] <cacujob.go:123> 计算脚本 2,数据 map[data:map[leader:100046 cardcount:1 unionId:16]] 错误,忽略该数据,16 变量值不存在
2017-06-23 10:08:50 [ERROR] <cacujob.go:123> 计算脚本 2,数据 map[data:map[cardcount:1 unionId:16 leader:100046]] 错误,忽略该数据,16 变量值不存在
2017-06-23 10:08:50 [ERROR] <cacujob.go:123> 计算脚本 2,数据 map[data:map[unionId:16 leader:100046 cardcount:1]] 错误,忽略该数据,16 变量值不存在
2017-06-23 10:08:50 [ERROR] <cacujob.go:123> 计算脚本 2,数据 map[data:map[leader:100046 cardcount:1 unionId:16]] 错误,忽略该数据,16 变量值不存在
2017-06-23 10:08:50 [ERROR] <cacujob.go:123> 计算脚本 2,数据 map[data:map[leader:100046 cardcount:1 unionId:16]] 错误,忽略该数据,16 变量值不存在
2017-06-23 10:08:50 [ERROR] <cacujob.go:123> 计算脚本 2,数据 map[data:map[cardcount:1 unionId:16 leader:100046]] 错误,忽略该数据,16 变量值不存在
2017-06-23 10:08:50 [ERROR] <cacujob.go:123> 计算脚本 2,数据 map[data:map[leader:100046 cardcount:1 unionId:16]] 错误,忽略该数据,16 变量值不存在
2017-06-23 10:08:50 [ERROR] <cacujob.go:123> 计算脚本 2,数据 map[data:map[leader:100046 cardcount:1 unionId:16]] 错误,忽略该数据,16 变量值不存在
2017-06-23 10:08:50 [ INFO] <statistics.go:111> 处理任务 3 结束,花费时间:210
2017-06-23 10:09:00 [ INFO] <statistics.go:103> 开始处理任务 0
2017-06-23 10:09:00 [ INFO] <statistics.go:111> 处理任务 0 结束,花费时间:569
2017-06-23 10:09:30 [ INFO] <statistics.go:103> 开始处理任务 1
2017-06-23 10:09:30 [ INFO] <statistics.go:111> 处理任务 1 结束,花费时间:863
2017-06-23 10:09:40 [ INFO] <statistics.go:103> 开始处理任务 2
2017-06-23 10:09:40 [ INFO] <statistics.go:111> 处理任务 2 结束,花费时间:159
2017-06-23 10:09:50 [ INFO] <statistics.go:103> 开始处理任务 3
2017-06-23 10:09:50 [ERROR] <cacujob.go:123> 计算脚本 2,数据 map[data:map[leader:100046 cardcount:1 unionId:16]] 错误,忽略该数据,16 变量值不存在
2017-06-23 10:09:50 [ERROR] <cacujob.go:123> 计算脚本 2,数据 map[data:map[cardcount:1 unionId:16 leader:100046]] 错误,忽略该数据,16 变量值不存在
2017-06-23 10:09:50 [ERROR] <cacujob.go:123> 计算脚本 2,数据 map[data:map[leader:100046 cardcount:1 unionId:16]] 错误,忽略该数据,16 变量值不存在
2017-06-23 10:09:50 [ERROR] <cacujob.go:123> 计算脚本 2,数据 map[data:map[leader:100056 cardcount:1 unionId:16]] 错误,忽略该数据,16 变量值不存在
2017-06-23 10:09:50 [ERROR] <cacujob.go:123> 计算脚本 2,数据 map[data:map[leader:100056 cardcount:1 unionId:16]] 错误,忽略该数据,16 变量值不存在
2017-06-23 10:09:50 [ERROR] <cacujob.go:123> 计算脚本 2,数据 map[data:map[leader:100046 cardcount:1 unionId:16]] 错误,忽略该数据,16 变量值不存在
2017-06-23 10:09:50 [ERROR] <cacujob.go:123> 计算脚本 2,数据 map[data:map[leader:100046 cardcount:1 unionId:16]] 错误,忽略该数据,16 变量值不存在
2017-06-23 10:09:50 [ERROR] <cacujob.go:123> 计算脚本 2,数据 map[data:map[leader:100046 cardcount:1 unionId:16]] 错误,忽略该数据,16 变量值不存在
2017-06-23 10:09:50 [ERROR] <cacujob.go:123> 计算脚本 2,数据 map[data:map[cardcount:1 unionId:16 leader:100046]] 错误,忽略该数据,16 变量值不存在
2017-06-23 10:09:50 [ERROR] <cacujob.go:123> 计算脚本 2,数据 map[data:map[leader:100046 cardcount:1 unionId:16]] 错误,忽略该数据,16 变量值不存在
2017-06-23 10:09:50 [ERROR] <cacujob.go:123> 计算脚本 2,数据 map[data:map[leader:100046 cardcount:1 unionId:16]] 错误,忽略该数据,16 变量值不存在
2017-06-23 10:09:50 [ERROR] <cacujob.go:123> 计算脚本 2,数据 map[data:map[cardcount:1 unionId:16 leader:100046]] 错误,忽略该数据,16 变量值不存在
2017-06-23 10:09:50 [ERROR] <cacujob.go:123> 计算脚本 2,数据 map[data:map[leader:100046 cardcount:1 unionId:16]] 错误,忽略该数据,16 变量值不存在
2017-06-23 10:09:50 [ERROR] <cacujob.go:123> 计算脚本 2,数据 map[data:map[leader:100046 cardcount:1 unionId:16]] 错误,忽略该数据,16 变量值不存在
2017-06-23 10:09:50 [ERROR] <cacujob.go:123> 计算脚本 2,数据 map[data:map[cardcount:1 unionId:16 leader:100046]] 错误,忽略该数据,16 变量值不存在
2017-06-23 10:09:50 [ERROR] <cacujob.go:123> 计算脚本 2,数据 map[data:map[leader:100046 cardcount:1 unionId:16]] 错误,忽略该数据,16 变量值不存在
2017-06-23 10:09:50 [ERROR] <cacujob.go:123> 计算脚本 2,数据 map[data:map[unionId:16 leader:100046 cardcount:1]] 错误,忽略该数据,16 变量值不存在
2017-06-23 10:09:50 [ERROR] <cacujob.go:123> 计算脚本 2,数据 map[data:map[cardcount:1 unionId:16 leader:100046]] 错误,忽略该数据,16 变量值不存在
2017-06-23 10:09:50 [ERROR] <cacujob.go:123> 计算脚本 2,数据 map[data:map[leader:100046 cardcount:1 unionId:16]] 错误,忽略该数据,16 变量值不存在
2017-06-23 10:09:50 [ERROR] <cacujob.go:123> 计算脚本 2,数据 map[data:map[leader:100046 cardcount:1 unionId:16]] 错误,忽略该数据,16 变量值不存在
2017-06-23 10:09:50 [ERROR] <cacujob.go:123> 计算脚本 2,数据 map[data:map[leader:100046 cardcount:1 unionId:16]] 错误,忽略该数据,16 变量值不存在
2017-06-23 10:09:50 [ERROR] <cacujob.go:123> 计算脚本 2,数据 map[data:map[leader:100046 cardcount:1 unionId:16]] 错误,忽略该数据,16 变量值不存在
2017-06-23 10:09:50 [ERROR] <cacujob.go:123> 计算脚本 2,数据 map[data:map[leader:100046 cardcount:1 unionId:16]] 错误,忽略该数据,16 变量值不存在
2017-06-23 10:09:50 [ERROR] <cacujob.go:123> 计算脚本 2,数据 map[data:map[cardcount:1 unionId:16 leader:100046]] 错误,忽略该数据,16 变量值不存在
2017-06-23 10:09:50 [ERROR] <cacujob.go:123> 计算脚本 2,数据 map[data:map[leader:100046 cardcount:1 unionId:16]] 错误,忽略该数据,16 变量值不存在
2017-06-23 10:09:50 [ERROR] <cacujob.go:123> 计算脚本 2,数据 map[data:map[leader:100046 cardcount:1 unionId:16]] 错误,忽略该数据,16 变量值不存在
2017-06-23 10:09:50 [ERROR] <cacujob.go:123> 计算脚本 2,数据 map[data:map[leader:100046 cardcount:1 unionId:16]] 错误,忽略该数据,16 变量值不存在
2017-06-23 10:09:50 [ERROR] <cacujob.go:123> 计算脚本 2,数据 map[data:map[leader:100046 cardcount:1 unionId:16]] 错误,忽略该数据,16 变量值不存在
2017-06-23 10:09:50 [ERROR] <cacujob.go:123> 计算脚本 2,数据 map[data:map[unionId:16 leader:100046 cardcount:1]] 错误,忽略该数据,16 变量值不存在
2017-06-23 10:09:50 [ERROR] <cacujob.go:123> 计算脚本 2,数据 map[data:map[cardcount:1 unionId:16 leader:100046]] 错误,忽略该数据,16 变量值不存在
2017-06-23 10:09:50 [ INFO] <statistics.go:111> 处理任务 3 结束,花费时间:352
2017-06-23 10:10:00 [ INFO] <statistics.go:103> 开始处理任务 0
2017-06-23 10:10:00 [ INFO] <statistics.go:111> 处理任务 0 结束,花费时间:414
2017-06-23 10:10:30 [ INFO] <statistics.go:103> 开始处理任务 1
2017-06-23 10:10:30 [ INFO] <statistics.go:111> 处理任务 1 结束,花费时间:152
2017-06-23 10:10:40 [ INFO] <statistics.go:103> 开始处理任务 2
2017-06-23 10:10:40 [ INFO] <statistics.go:111> 处理任务 2 结束,花费时间:153
2017-06-23 10:10:46 [ INFO] <main.go:27> 日志组件加载完成
2017-06-23 10:10:46 [ INFO] <rpc.go:64> RPC Init 完成
2017-06-23 10:10:46 [ INFO] <rpc.go:74> RPC 服务启动完成
2017-06-23 10:11:47 [ INFO] <main.go:27> 日志组件加载完成
2017-06-23 10:11:47 [ INFO] <rpc.go:64> RPC Init 完成
2017-06-23 10:11:47 [ INFO] <rpc.go:74> RPC 服务启动完成
2017-06-23 10:12:33 [ INFO] <main.go:27> 日志组件加载完成
2017-06-23 10:12:33 [ INFO] <rpc.go:64> RPC Init 完成
2017-06-23 10:12:33 [ INFO] <rpc.go:74> RPC 服务启动完成
2017-06-23 10:13:06 [ INFO] <main.go:27> 日志组件加载完成
2017-06-23 10:13:06 [ INFO] <rpc.go:64> RPC Init 完成
2017-06-23 10:13:06 [ INFO] <rpc.go:74> RPC 服务启动完成
2017-06-23 10:13:06 [ INFO] <statistics.go:40> StatisticsModule Init 完成
2017-06-23 10:13:06 [ INFO] <statistics.go:44> StatisticsModule 服务启动完成
2017-06-23 10:13:06 [ INFO] <app.go:36> 应用启动完成
2017-06-23 10:14:37 [ INFO] <main.go:27> 日志组件加载完成
2017-06-23 10:14:37 [ INFO] <rpc.go:64> RPC Init 完成
2017-06-23 10:14:37 [ INFO] <rpc.go:74> RPC 服务启动完成
2017-06-23 10:14:37 [ INFO] <statistics.go:40> StatisticsModule Init 完成
2017-06-23 10:14:37 [ INFO] <statistics.go:44> StatisticsModule 服务启动完成
2017-06-23 10:14:37 [ INFO] <app.go:36> 应用启动完成
2017-06-23 10:14:40 [ INFO] <statistics.go:103> 开始处理任务 2
2017-06-23 10:14:40 [ INFO] <statistics.go:111> 处理任务 2 结束,花费时间:391
2017-06-23 10:14:50 [ INFO] <statistics.go:103> 开始处理任务 3
2017-06-23 10:14:50 [ERROR] <cacujob.go:123> 计算脚本 2,数据 map[data:map[leader:100046 cardcount:1 unionId:16]] 错误,忽略该数据,16 变量值不存在
2017-06-23 10:14:50 [ERROR] <cacujob.go:123> 计算脚本 2,数据 map[data:map[leader:100046 cardcount:1 unionId:16]] 错误,忽略该数据,16 变量值不存在
2017-06-23 10:14:50 [ERROR] <cacujob.go:123> 计算脚本 2,数据 map[data:map[leader:100046 cardcount:1 unionId:16]] 错误,忽略该数据,16 变量值不存在
2017-06-23 10:14:50 [ERROR] <cacujob.go:123> 计算脚本 2,数据 map[data:map[leader:100056 cardcount:1 unionId:16]] 错误,忽略该数据,16 变量值不存在
2017-06-23 10:14:50 [ERROR] <cacujob.go:123> 计算脚本 2,数据 map[data:map[leader:100056 cardcount:1 unionId:16]] 错误,忽略该数据,16 变量值不存在
2017-06-23 10:14:50 [ERROR] <cacujob.go:123> 计算脚本 2,数据 map[data:map[leader:100046 cardcount:1 unionId:16]] 错误,忽略该数据,16 变量值不存在
2017-06-23 10:14:50 [ERROR] <cacujob.go:123> 计算脚本 2,数据 map[data:map[leader:100046 cardcount:1 unionId:16]] 错误,忽略该数据,16 变量值不存在
2017-06-23 10:14:50 [ERROR] <cacujob.go:123> 计算脚本 2,数据 map[data:map[leader:100046 cardcount:1 unionId:16]] 错误,忽略该数据,16 变量值不存在
2017-06-23 10:14:50 [ERROR] <cacujob.go:123> 计算脚本 2,数据 map[data:map[leader:100046 cardcount:1 unionId:16]] 错误,忽略该数据,16 变量值不存在
2017-06-23 10:14:50 [ERROR] <cacujob.go:123> 计算脚本 2,数据 map[data:map[leader:100046 cardcount:1 unionId:16]] 错误,忽略该数据,16 变量值不存在
2017-06-23 10:14:50 [ERROR] <cacujob.go:123> 计算脚本 2,数据 map[data:map[leader:100046 cardcount:1 unionId:16]] 错误,忽略该数据,16 变量值不存在
2017-06-23 10:14:50 [ERROR] <cacujob.go:123> 计算脚本 2,数据 map[data:map[leader:100046 cardcount:1 unionId:16]] 错误,忽略该数据,16 变量值不存在
2017-06-23 10:14:50 [ERROR] <cacujob.go:123> 计算脚本 2,数据 map[data:map[leader:100046 cardcount:1 unionId:16]] 错误,忽略该数据,16 变量值不存在
2017-06-23 10:14:50 [ERROR] <cacujob.go:123> 计算脚本 2,数据 map[data:map[leader:100046 cardcount:1 unionId:16]] 错误,忽略该数据,16 变量值不存在
2017-06-23 10:14:50 [ERROR] <cacujob.go:123> 计算脚本 2,数据 map[data:map[leader:100046 cardcount:1 unionId:16]] 错误,忽略该数据,16 变量值不存在
2017-06-23 10:14:50 [ERROR] <cacujob.go:123> 计算脚本 2,数据 map[data:map[unionId:16 leader:100046 cardcount:1]] 错误,忽略该数据,16 变量值不存在
2017-06-23 10:14:50 [ERROR] <cacujob.go:123> 计算脚本 2,数据 map[data:map[leader:100046 cardcount:1 unionId:16]] 错误,忽略该数据,16 变量值不存在
2017-06-23 10:14:50 [ERROR] <cacujob.go:123> 计算脚本 2,数据 map[data:map[leader:100046 cardcount:1 unionId:16]] 错误,忽略该数据,16 变量值不存在
2017-06-23 10:14:50 [ERROR] <cacujob.go:123> 计算脚本 2,数据 map[data:map[leader:100046 cardcount:1 unionId:16]] 错误,忽略该数据,16 变量值不存在
2017-06-23 10:14:50 [ERROR] <cacujob.go:123> 计算脚本 2,数据 map[data:map[leader:100046 cardcount:1 unionId:16]] 错误,忽略该数据,16 变量值不存在
2017-06-23 10:14:50 [ERROR] <cacujob.go:123> 计算脚本 2,数据 map[data:map[leader:100046 cardcount:1 unionId:16]] 错误,忽略该数据,16 变量值不存在
2017-06-23 10:14:50 [ERROR] <cacujob.go:123> 计算脚本 2,数据 map[data:map[leader:100046 cardcount:1 unionId:16]] 错误,忽略该数据,16 变量值不存在
2017-06-23 10:14:50 [ERROR] <cacujob.go:123> 计算脚本 2,数据 map[data:map[unionId:16 leader:100046 cardcount:1]] 错误,忽略该数据,16 变量值不存在
2017-06-23 10:14:50 [ERROR] <cacujob.go:123> 计算脚本 2,数据 map[data:map[leader:100046 cardcount:1 unionId:16]] 错误,忽略该数据,16 变量值不存在
2017-06-23 10:14:50 [ERROR] <cacujob.go:123> 计算脚本 2,数据 map[data:map[leader:100046 cardcount:1 unionId:16]] 错误,忽略该数据,16 变量值不存在
2017-06-23 10:14:50 [ERROR] <cacujob.go:123> 计算脚本 2,数据 map[data:map[leader:100046 cardcount:1 unionId:16]] 错误,忽略该数据,16 变量值不存在
2017-06-23 10:14:50 [ERROR] <cacujob.go:123> 计算脚本 2,数据 map[data:map[unionId:16 leader:100046 cardcount:1]] 错误,忽略该数据,16 变量值不存在
2017-06-23 10:14:50 [ERROR] <cacujob.go:123> 计算脚本 2,数据 map[data:map[leader:100046 cardcount:1 unionId:16]] 错误,忽略该数据,16 变量值不存在
2017-06-23 10:14:50 [ERROR] <cacujob.go:123> 计算脚本 2,数据 map[data:map[cardcount:1 unionId:16 leader:100046]] 错误,忽略该数据,16 变量值不存在
2017-06-23 10:14:50 [ERROR] <cacujob.go:123> 计算脚本 2,数据 map[data:map[leader:100046 cardcount:1 unionId:16]] 错误,忽略该数据,16 变量值不存在
2017-06-23 10:14:50 [ INFO] <statistics.go:111> 处理任务 3 结束,花费时间:202
2017-06-23 10:15:00 [ INFO] <statistics.go:103> 开始处理任务 0
2017-06-23 10:15:00 [ INFO] <statistics.go:111> 处理任务 0 结束,花费时间:606
2017-06-23 10:15:30 [ INFO] <statistics.go:103> 开始处理任务 1
2017-06-23 10:15:30 [ INFO] <statistics.go:111> 处理任务 1 结束,花费时间:181
2017-06-23 10:15:40 [ INFO] <statistics.go:103> 开始处理任务 2
2017-06-23 10:15:40 [ INFO] <statistics.go:111> 处理任务 2 结束,花费时间:152
2017-06-23 10:15:50 [ INFO] <statistics.go:103> 开始处理任务 3
2017-06-23 10:15:50 [ERROR] <cacujob.go:123> 计算脚本 2,数据 map[data:map[leader:100046 cardcount:1 unionId:16]] 错误,忽略该数据,16 变量值不存在
2017-06-23 10:15:50 [ERROR] <cacujob.go:123> 计算脚本 2,数据 map[data:map[leader:100046 cardcount:1 unionId:16]] 错误,忽略该数据,16 变量值不存在
2017-06-23 10:15:50 [ERROR] <cacujob.go:123> 计算脚本 2,数据 map[data:map[leader:100046 cardcount:1 unionId:16]] 错误,忽略该数据,16 变量值不存在
2017-06-23 10:15:50 [ERROR] <cacujob.go:123> 计算脚本 2,数据 map[data:map[leader:100056 cardcount:1 unionId:16]] 错误,忽略该数据,16 变量值不存在
2017-06-23 10:15:50 [ERROR] <cacujob.go:123> 计算脚本 2,数据 map[data:map[cardcount:1 unionId:16 leader:100056]] 错误,忽略该数据,16 变量值不存在
2017-06-23 10:15:50 [ERROR] <cacujob.go:123> 计算脚本 2,数据 map[data:map[leader:100046 cardcount:1 unionId:16]] 错误,忽略该数据,16 变量值不存在
2017-06-23 10:15:50 [ERROR] <cacujob.go:123> 计算脚本 2,数据 map[data:map[leader:100046 cardcount:1 unionId:16]] 错误,忽略该数据,16 变量值不存在
2017-06-23 10:15:50 [ERROR] <cacujob.go:123> 计算脚本 2,数据 map[data:map[leader:100046 cardcount:1 unionId:16]] 错误,忽略该数据,16 变量值不存在
2017-06-23 10:15:50 [ERROR] <cacujob.go:123> 计算脚本 2,数据 map[data:map[leader:100046 cardcount:1 unionId:16]] 错误,忽略该数据,16 变量值不存在
2017-06-23 10:15:50 [ERROR] <cacujob.go:123> 计算脚本 2,数据 map[data:map[leader:100046 cardcount:1 unionId:16]] 错误,忽略该数据,16 变量值不存在
2017-06-23 10:15:50 [ERROR] <cacujob.go:123> 计算脚本 2,数据 map[data:map[leader:100046 cardcount:1 unionId:16]] 错误,忽略该数据,16 变量值不存在
2017-06-23 10:15:50 [ERROR] <cacujob.go:123> 计算脚本 2,数据 map[data:map[leader:100046 cardcount:1 unionId:16]] 错误,忽略该数据,16 变量值不存在
2017-06-23 10:15:50 [ERROR] <cacujob.go:123> 计算脚本 2,数据 map[data:map[leader:100046 cardcount:1 unionId:16]] 错误,忽略该数据,16 变量值不存在
2017-06-23 10:15:50 [ERROR] <cacujob.go:123> 计算脚本 2,数据 map[data:map[leader:100046 cardcount:1 unionId:16]] 错误,忽略该数据,16 变量值不存在
2017-06-23 10:15:50 [ERROR] <cacujob.go:123> 计算脚本 2,数据 map[data:map[leader:100046 cardcount:1 unionId:16]] 错误,忽略该数据,16 变量值不存在
2017-06-23 10:15:50 [ERROR] <cacujob.go:123> 计算脚本 2,数据 map[data:map[leader:100046 cardcount:1 unionId:16]] 错误,忽略该数据,16 变量值不存在
2017-06-23 10:15:50 [ERROR] <cacujob.go:123> 计算脚本 2,数据 map[data:map[leader:100046 cardcount:1 unionId:16]] 错误,忽略该数据,16 变量值不存在
2017-06-23 10:15:50 [ERROR] <cacujob.go:123> 计算脚本 2,数据 map[data:map[leader:100046 cardcount:1 unionId:16]] 错误,忽略该数据,16 变量值不存在
2017-06-23 10:15:50 [ERROR] <cacujob.go:123> 计算脚本 2,数据 map[data:map[leader:100046 cardcount:1 unionId:16]] 错误,忽略该数据,16 变量值不存在
2017-06-23 10:15:50 [ERROR] <cacujob.go:123> 计算脚本 2,数据 map[data:map[unionId:16 leader:100046 cardcount:1]] 错误,忽略该数据,16 变量值不存在
2017-06-23 10:15:50 [ERROR] <cacujob.go:123> 计算脚本 2,数据 map[data:map[leader:100046 cardcount:1 unionId:16]] 错误,忽略该数据,16 变量值不存在
2017-06-23 10:15:50 [ERROR] <cacujob.go:123> 计算脚本 2,数据 map[data:map[unionId:16 leader:100046 cardcount:1]] 错误,忽略该数据,16 变量值不存在
2017-06-23 10:15:50 [ERROR] <cacujob.go:123> 计算脚本 2,数据 map[data:map[leader:100046 cardcount:1 unionId:16]] 错误,忽略该数据,16 变量值不存在
2017-06-23 10:15:50 [ERROR] <cacujob.go:123> 计算脚本 2,数据 map[data:map[leader:100046 cardcount:1 unionId:16]] 错误,忽略该数据,16 变量值不存在
2017-06-23 10:15:50 [ERROR] <cacujob.go:123> 计算脚本 2,数据 map[data:map[leader:100046 cardcount:1 unionId:16]] 错误,忽略该数据,16 变量值不存在
2017-06-23 10:15:50 [ERROR] <cacujob.go:123> 计算脚本 2,数据 map[data:map[cardcount:1 unionId:16 leader:100046]] 错误,忽略该数据,16 变量值不存在
2017-06-23 10:15:50 [ERROR] <cacujob.go:123> 计算脚本 2,数据 map[data:map[leader:100046 cardcount:1 unionId:16]] 错误,忽略该数据,16 变量值不存在
2017-06-23 10:15:50 [ERROR] <cacujob.go:123> 计算脚本 2,数据 map[data:map[leader:100046 cardcount:1 unionId:16]] 错误,忽略该数据,16 变量值不存在
2017-06-23 10:15:50 [ERROR] <cacujob.go:123> 计算脚本 2,数据 map[data:map[unionId:16 leader:100046 cardcount:1]] 错误,忽略该数据,16 变量值不存在
2017-06-23 10:15:50 [ERROR] <cacujob.go:123> 计算脚本 2,数据 map[data:map[leader:100046 cardcount:1 unionId:16]] 错误,忽略该数据,16 变量值不存在
2017-06-23 10:15:50 [ INFO] <statistics.go:111> 处理任务 3 结束,花费时间:192
2017-06-23 10:16:00 [ INFO] <statistics.go:103> 开始处理任务 0
2017-06-23 10:16:00 [ INFO] <statistics.go:111> 处理任务 0 结束,花费时间:494
2017-06-23 10:16:30 [ INFO] <statistics.go:103> 开始处理任务 1
2017-06-23 10:16:30 [ INFO] <statistics.go:111> 处理任务 1 结束,花费时间:151
2017-06-23 10:16:40 [ INFO] <statistics.go:103> 开始处理任务 2
2017-06-23 10:16:40 [ INFO] <statistics.go:111> 处理任务 2 结束,花费时间:148
2017-06-23 10:16:50 [ INFO] <statistics.go:103> 开始处理任务 3
2017-06-23 10:16:50 [ERROR] <cacujob.go:123> 计算脚本 2,数据 map[data:map[leader:100046 cardcount:1 unionId:16]] 错误,忽略该数据,16 变量值不存在
2017-06-23 10:16:50 [ERROR] <cacujob.go:123> 计算脚本 2,数据 map[data:map[leader:100046 cardcount:1 unionId:16]] 错误,忽略该数据,16 变量值不存在
2017-06-23 10:16:50 [ERROR] <cacujob.go:123> 计算脚本 2,数据 map[data:map[cardcount:1 unionId:16 leader:100046]] 错误,忽略该数据,16 变量值不存在
2017-06-23 10:16:50 [ERROR] <cacujob.go:123> 计算脚本 2,数据 map[data:map[leader:100056 cardcount:1 unionId:16]] 错误,忽略该数据,16 变量值不存在
2017-06-23 10:16:50 [ERROR] <cacujob.go:123> 计算脚本 2,数据 map[data:map[unionId:16 leader:100056 cardcount:1]] 错误,忽略该数据,16 变量值不存在
2017-06-23 10:16:50 [ERROR] <cacujob.go:123> 计算脚本 2,数据 map[data:map[leader:100046 cardcount:1 unionId:16]] 错误,忽略该数据,16 变量值不存在
2017-06-23 10:16:50 [ERROR] <cacujob.go:123> 计算脚本 2,数据 map[data:map[leader:100046 cardcount:1 unionId:16]] 错误,忽略该数据,16 变量值不存在
2017-06-23 10:16:50 [ERROR] <cacujob.go:123> 计算脚本 2,数据 map[data:map[leader:100046 cardcount:1 unionId:16]] 错误,忽略该数据,16 变量值不存在
2017-06-23 10:16:50 [ERROR] <cacujob.go:123> 计算脚本 2,数据 map[data:map[unionId:16 leader:100046 cardcount:1]] 错误,忽略该数据,16 变量值不存在
2017-06-23 10:16:50 [ERROR] <cacujob.go:123> 计算脚本 2,数据 map[data:map[cardcount:1 unionId:16 leader:100046]] 错误,忽略该数据,16 变量值不存在
2017-06-23 10:16:50 [ERROR] <cacujob.go:123> 计算脚本 2,数据 map[data:map[leader:100046 cardcount:1 unionId:16]] 错误,忽略该数据,16 变量值不存在
2017-06-23 10:16:50 [ERROR] <cacujob.go:123> 计算脚本 2,数据 map[data:map[leader:100046 cardcount:1 unionId:16]] 错误,忽略该数据,16 变量值不存在
2017-06-23 10:16:50 [ERROR] <cacujob.go:123> 计算脚本 2,数据 map[data:map[leader:100046 cardcount:1 unionId:16]] 错误,忽略该数据,16 变量值不存在
2017-06-23 10:16:50 [ERROR] <cacujob.go:123> 计算脚本 2,数据 map[data:map[leader:100046 cardcount:1 unionId:16]] 错误,忽略该数据,16 变量值不存在
2017-06-23 10:16:50 [ERROR] <cacujob.go:123> 计算脚本 2,数据 map[data:map[leader:100046 cardcount:1 unionId:16]] 错误,忽略该数据,16 变量值不存在
2017-06-23 10:16:50 [ERROR] <cacujob.go:123> 计算脚本 2,数据 map[data:map[leader:100046 cardcount:1 unionId:16]] 错误,忽略该数据,16 变量值不存在
2017-06-23 10:16:50 [ERROR] <cacujob.go:123> 计算脚本 2,数据 map[data:map[leader:100046 cardcount:1 unionId:16]] 错误,忽略该数据,16 变量值不存在
2017-06-23 10:16:50 [ERROR] <cacujob.go:123> 计算脚本 2,数据 map[data:map[leader:100046 cardcount:1 unionId:16]] 错误,忽略该数据,16 变量值不存在
2017-06-23 10:16:50 [ERROR] <cacujob.go:123> 计算脚本 2,数据 map[data:map[unionId:16 leader:100046 cardcount:1]] 错误,忽略该数据,16 变量值不存在
2017-06-23 10:16:50 [ERROR] <cacujob.go:123> 计算脚本 2,数据 map[data:map[leader:100046 cardcount:1 unionId:16]] 错误,忽略该数据,16 变量值不存在
2017-06-23 10:16:50 [ERROR] <cacujob.go:123> 计算脚本 2,数据 map[data:map[leader:100046 cardcount:1 unionId:16]] 错误,忽略该数据,16 变量值不存在
2017-06-23 10:16:50 [ERROR] <cacujob.go:123> 计算脚本 2,数据 map[data:map[leader:100046 cardcount:1 unionId:16]] 错误,忽略该数据,16 变量值不存在
2017-06-23 10:16:50 [ERROR] <cacujob.go:123> 计算脚本 2,数据 map[data:map[leader:100046 cardcount:1 unionId:16]] 错误,忽略该数据,16 变量值不存在
2017-06-23 10:16:50 [ERROR] <cacujob.go:123> 计算脚本 2,数据 map[data:map[cardcount:1 unionId:16 leader:100046]] 错误,忽略该数据,16 变量值不存在
2017-06-23 10:16:50 [ERROR] <cacujob.go:123> 计算脚本 2,数据 map[data:map[leader:100046 cardcount:1 unionId:16]] 错误,忽略该数据,16 变量值不存在
2017-06-23 10:16:50 [ERROR] <cacujob.go:123> 计算脚本 2,数据 map[data:map[unionId:16 leader:100046 cardcount:1]] 错误,忽略该数据,16 变量值不存在
2017-06-23 10:16:50 [ERROR] <cacujob.go:123> 计算脚本 2,数据 map[data:map[unionId:16 leader:100046 cardcount:1]] 错误,忽略该数据,16 变量值不存在
2017-06-23 10:16:50 [ERROR] <cacujob.go:123> 计算脚本 2,数据 map[data:map[leader:100046 cardcount:1 unionId:16]] 错误,忽略该数据,16 变量值不存在
2017-06-23 10:16:50 [ERROR] <cacujob.go:123> 计算脚本 2,数据 map[data:map[leader:100046 cardcount:1 unionId:16]] 错误,忽略该数据,16 变量值不存在
2017-06-23 10:16:50 [ERROR] <cacujob.go:123> 计算脚本 2,数据 map[data:map[leader:100046 cardcount:1 unionId:16]] 错误,忽略该数据,16 变量值不存在
2017-06-23 10:16:50 [ INFO] <statistics.go:111> 处理任务 3 结束,花费时间:226
2017-06-23 10:17:00 [ INFO] <statistics.go:103> 开始处理任务 0
2017-06-23 10:17:00 [ INFO] <statistics.go:111> 处理任务 0 结束,花费时间:491
2017-06-23 10:17:30 [ INFO] <statistics.go:103> 开始处理任务 1
2017-06-23 10:17:30 [ INFO] <statistics.go:111> 处理任务 1 结束,花费时间:182
2017-06-23 10:17:40 [ INFO] <statistics.go:103> 开始处理任务 2
2017-06-23 10:17:40 [ INFO] <statistics.go:111> 处理任务 2 结束,花费时间:156
2017-06-23 10:17:50 [ INFO] <statistics.go:103> 开始处理任务 3
2017-06-23 10:17:50 [ERROR] <cacujob.go:123> 计算脚本 2,数据 map[data:map[leader:100046 cardcount:1 unionId:16]] 错误,忽略该数据,16 变量值不存在
2017-06-23 10:17:50 [ERROR] <cacujob.go:123> 计算脚本 2,数据 map[data:map[leader:100046 cardcount:1 unionId:16]] 错误,忽略该数据,16 变量值不存在
2017-06-23 10:17:50 [ERROR] <cacujob.go:123> 计算脚本 2,数据 map[data:map[leader:100046 cardcount:1 unionId:16]] 错误,忽略该数据,16 变量值不存在
2017-06-23 10:17:50 [ERROR] <cacujob.go:123> 计算脚本 2,数据 map[data:map[leader:100056 cardcount:1 unionId:16]] 错误,忽略该数据,16 变量值不存在
2017-06-23 10:17:50 [ERROR] <cacujob.go:123> 计算脚本 2,数据 map[data:map[leader:100056 cardcount:1 unionId:16]] 错误,忽略该数据,16 变量值不存在
2017-06-23 10:17:50 [ERROR] <cacujob.go:123> 计算脚本 2,数据 map[data:map[unionId:16 leader:100046 cardcount:1]] 错误,忽略该数据,16 变量值不存在
2017-06-23 10:17:50 [ERROR] <cacujob.go:123> 计算脚本 2,数据 map[data:map[unionId:16 leader:100046 cardcount:1]] 错误,忽略该数据,16 变量值不存在
2017-06-23 10:17:50 [ERROR] <cacujob.go:123> 计算脚本 2,数据 map[data:map[leader:100046 cardcount:1 unionId:16]] 错误,忽略该数据,16 变量值不存在
2017-06-23 10:17:50 [ERROR] <cacujob.go:123> 计算脚本 2,数据 map[data:map[leader:100046 cardcount:1 unionId:16]] 错误,忽略该数据,16 变量值不存在
2017-06-23 10:17:50 [ERROR] <cacujob.go:123> 计算脚本 2,数据 map[data:map[leader:100046 cardcount:1 unionId:16]] 错误,忽略该数据,16 变量值不存在
2017-06-23 10:17:50 [ERROR] <cacujob.go:123> 计算脚本 2,数据 map[data:map[leader:100046 cardcount:1 unionId:16]] 错误,忽略该数据,16 变量值不存在
2017-06-23 10:17:50 [ERROR] <cacujob.go:123> 计算脚本 2,数据 map[data:map[cardcount:1 unionId:16 leader:100046]] 错误,忽略该数据,16 变量值不存在
2017-06-23 10:17:50 [ERROR] <cacujob.go:123> 计算脚本 2,数据 map[data:map[cardcount:1 unionId:16 leader:100046]] 错误,忽略该数据,16 变量值不存在
2017-06-23 10:17:50 [ERROR] <cacujob.go:123> 计算脚本 2,数据 map[data:map[leader:100046 cardcount:1 unionId:16]] 错误,忽略该数据,16 变量值不存在
2017-06-23 10:17:50 [ERROR] <cacujob.go:123> 计算脚本 2,数据 map[data:map[cardcount:1 unionId:16 leader:100046]] 错误,忽略该数据,16 变量值不存在
2017-06-23 10:17:50 [ERROR] <cacujob.go:123> 计算脚本 2,数据 map[data:map[leader:100046 cardcount:1 unionId:16]] 错误,忽略该数据,16 变量值不存在
2017-06-23 10:17:50 [ERROR] <cacujob.go:123> 计算脚本 2,数据 map[data:map[leader:100046 cardcount:1 unionId:16]] 错误,忽略该数据,16 变量值不存在
2017-06-23 10:17:50 [ERROR] <cacujob.go:123> 计算脚本 2,数据 map[data:map[leader:100046 cardcount:1 unionId:16]] 错误,忽略该数据,16 变量值不存在
2017-06-23 10:17:50 [ERROR] <cacujob.go:123> 计算脚本 2,数据 map[data:map[leader:100046 cardcount:1 unionId:16]] 错误,忽略该数据,16 变量值不存在
2017-06-23 10:17:50 [ERROR] <cacujob.go:123> 计算脚本 2,数据 map[data:map[leader:100046 cardcount:1 unionId:16]] 错误,忽略该数据,16 变量值不存在
2017-06-23 10:17:50 [ERROR] <cacujob.go:123> 计算脚本 2,数据 map[data:map[unionId:16 leader:100046 cardcount:1]] 错误,忽略该数据,16 变量值不存在
2017-06-23 10:17:50 [ERROR] <cacujob.go:123> 计算脚本 2,数据 map[data:map[unionId:16 leader:100046 cardcount:1]] 错误,忽略该数据,16 变量值不存在
2017-06-23 10:17:50 [ERROR] <cacujob.go:123> 计算脚本 2,数据 map[data:map[leader:100046 cardcount:1 unionId:16]] 错误,忽略该数据,16 变量值不存在
2017-06-23 10:17:50 [ERROR] <cacujob.go:123> 计算脚本 2,数据 map[data:map[leader:100046 cardcount:1 unionId:16]] 错误,忽略该数据,16 变量值不存在
2017-06-23 10:17:50 [ERROR] <cacujob.go:123> 计算脚本 2,数据 map[data:map[cardcount:1 unionId:16 leader:100046]] 错误,忽略该数据,16 变量值不存在
2017-06-23 10:17:50 [ERROR] <cacujob.go:123> 计算脚本 2,数据 map[data:map[leader:100046 cardcount:1 unionId:16]] 错误,忽略该数据,16 变量值不存在
2017-06-23 10:17:50 [ERROR] <cacujob.go:123> 计算脚本 2,数据 map[data:map[unionId:16 leader:100046 cardcount:1]] 错误,忽略该数据,16 变量值不存在
2017-06-23 10:17:50 [ERROR] <cacujob.go:123> 计算脚本 2,数据 map[data:map[leader:100046 cardcount:1 unionId:16]] 错误,忽略该数据,16 变量值不存在
2017-06-23 10:17:50 [ERROR] <cacujob.go:123> 计算脚本 2,数据 map[data:map[leader:100046 cardcount:1 unionId:16]] 错误,忽略该数据,16 变量值不存在
2017-06-23 10:17:50 [ERROR] <cacujob.go:123> 计算脚本 2,数据 map[data:map[cardcount:1 unionId:16 leader:100046]] 错误,忽略该数据,16 变量值不存在
2017-06-23 10:17:50 [ INFO] <statistics.go:111> 处理任务 3 结束,花费时间:204
2017-06-23 10:18:00 [ INFO] <statistics.go:103> 开始处理任务 0
2017-06-23 10:18:00 [ INFO] <statistics.go:111> 处理任务 0 结束,花费时间:527
2017-06-23 10:18:30 [ INFO] <statistics.go:103> 开始处理任务 1
2017-06-23 10:18:30 [ INFO] <statistics.go:111> 处理任务 1 结束,花费时间:165
2017-06-23 10:28:03 [ INFO] <main.go:27> 日志组件加载完成
2017-06-23 10:28:03 [ INFO] <rpc.go:64> RPC Init 完成
2017-06-23 10:28:03 [ INFO] <rpc.go:74> RPC 服务启动完成
2017-06-23 10:28:03 [ INFO] <statistics.go:40> StatisticsModule Init 完成
2017-06-23 10:28:03 [ INFO] <statistics.go:44> StatisticsModule 服务启动完成
2017-06-23 10:28:03 [ INFO] <app.go:36> 应用启动完成
2017-06-23 10:28:30 [ INFO] <statistics.go:103> 开始处理任务 1
2017-06-23 10:28:30 [ INFO] <statistics.go:111> 处理任务 1 结束,花费时间:300
2017-06-23 10:28:40 [ INFO] <statistics.go:103> 开始处理任务 2
2017-06-23 10:28:40 [ INFO] <statistics.go:111> 处理任务 2 结束,花费时间:143
2017-06-23 10:28:50 [ INFO] <statistics.go:103> 开始处理任务 3
2017-06-23 10:28:50 [ERROR] <cacujob.go:123> 计算脚本 2,数据 map[data:map[leader:100046 cardcount:1 unionId:16]] 错误,忽略该数据,16 变量值不存在
2017-06-23 10:28:50 [ERROR] <cacujob.go:123> 计算脚本 2,数据 map[data:map[leader:100046 cardcount:1 unionId:16]] 错误,忽略该数据,16 变量值不存在
2017-06-23 10:28:50 [ERROR] <cacujob.go:123> 计算脚本 2,数据 map[data:map[cardcount:1 unionId:16 leader:100046]] 错误,忽略该数据,16 变量值不存在
2017-06-23 10:28:50 [ERROR] <cacujob.go:123> 计算脚本 2,数据 map[data:map[leader:100056 cardcount:1 unionId:16]] 错误,忽略该数据,16 变量值不存在
2017-06-23 10:28:50 [ERROR] <cacujob.go:123> 计算脚本 2,数据 map[data:map[leader:100056 cardcount:1 unionId:16]] 错误,忽略该数据,16 变量值不存在
2017-06-23 10:28:50 [ERROR] <cacujob.go:123> 计算脚本 2,数据 map[data:map[leader:100046 cardcount:1 unionId:16]] 错误,忽略该数据,16 变量值不存在
2017-06-23 10:28:50 [ERROR] <cacujob.go:123> 计算脚本 2,数据 map[data:map[leader:100046 cardcount:1 unionId:16]] 错误,忽略该数据,16 变量值不存在
2017-06-23 10:28:50 [ERROR] <cacujob.go:123> 计算脚本 2,数据 map[data:map[leader:100046 cardcount:1 unionId:16]] 错误,忽略该数据,16 变量值不存在
2017-06-23 10:28:50 [ERROR] <cacujob.go:123> 计算脚本 2,数据 map[data:map[unionId:16 leader:100046 cardcount:1]] 错误,忽略该数据,16 变量值不存在
2017-06-23 10:28:50 [ERROR] <cacujob.go:123> 计算脚本 2,数据 map[data:map[unionId:16 leader:100046 cardcount:1]] 错误,忽略该数据,16 变量值不存在
2017-06-23 10:28:50 [ERROR] <cacujob.go:123> 计算脚本 2,数据 map[data:map[leader:100046 cardcount:1 unionId:16]] 错误,忽略该数据,16 变量值不存在
2017-06-23 10:28:50 [ERROR] <cacujob.go:123> 计算脚本 2,数据 map[data:map[leader:100046 cardcount:1 unionId:16]] 错误,忽略该数据,16 变量值不存在
2017-06-23 10:28:50 [ERROR] <cacujob.go:123> 计算脚本 2,数据 map[data:map[leader:100046 cardcount:1 unionId:16]] 错误,忽略该数据,16 变量值不存在
2017-06-23 10:28:50 [ERROR] <cacujob.go:123> 计算脚本 2,数据 map[data:map[cardcount:1 unionId:16 leader:100046]] 错误,忽略该数据,16 变量值不存在
2017-06-23 10:28:50 [ERROR] <cacujob.go:123> 计算脚本 2,数据 map[data:map[leader:100046 cardcount:1 unionId:16]] 错误,忽略该数据,16 变量值不存在
2017-06-23 10:28:50 [ERROR] <cacujob.go:123> 计算脚本 2,数据 map[data:map[leader:100046 cardcount:1 unionId:16]] 错误,忽略该数据,16 变量值不存在
2017-06-23 10:28:50 [ERROR] <cacujob.go:123> 计算脚本 2,数据 map[data:map[leader:100046 cardcount:1 unionId:16]] 错误,忽略该数据,16 变量值不存在
2017-06-23 10:28:50 [ERROR] <cacujob.go:123> 计算脚本 2,数据 map[data:map[leader:100046 cardcount:1 unionId:16]] 错误,忽略该数据,16 变量值不存在
2017-06-23 10:28:50 [ERROR] <cacujob.go:123> 计算脚本 2,数据 map[data:map[cardcount:1 unionId:16 leader:100046]] 错误,忽略该数据,16 变量值不存在
2017-06-23 10:28:50 [ERROR] <cacujob.go:123> 计算脚本 2,数据 map[data:map[leader:100046 cardcount:1 unionId:16]] 错误,忽略该数据,16 变量值不存在
2017-06-23 10:28:50 [ERROR] <cacujob.go:123> 计算脚本 2,数据 map[data:map[leader:100046 cardcount:1 unionId:16]] 错误,忽略该数据,16 变量值不存在
2017-06-23 10:28:50 [ERROR] <cacujob.go:123> 计算脚本 2,数据 map[data:map[leader:100046 cardcount:1 unionId:16]] 错误,忽略该数据,16 变量值不存在
2017-06-23 10:28:50 [ERROR] <cacujob.go:123> 计算脚本 2,数据 map[data:map[leader:100046 cardcount:1 unionId:16]] 错误,忽略该数据,16 变量值不存在
2017-06-23 10:28:50 [ERROR] <cacujob.go:123> 计算脚本 2,数据 map[data:map[leader:100046 cardcount:1 unionId:16]] 错误,忽略该数据,16 变量值不存在
2017-06-23 10:28:50 [ERROR] <cacujob.go:123> 计算脚本 2,数据 map[data:map[leader:100046 cardcount:1 unionId:16]] 错误,忽略该数据,16 变量值不存在
2017-06-23 10:28:50 [ERROR] <cacujob.go:123> 计算脚本 2,数据 map[data:map[leader:100046 cardcount:1 unionId:16]] 错误,忽略该数据,16 变量值不存在
2017-06-23 10:28:50 [ERROR] <cacujob.go:123> 计算脚本 2,数据 map[data:map[leader:100046 cardcount:1 unionId:16]] 错误,忽略该数据,16 变量值不存在
2017-06-23 10:28:50 [ERROR] <cacujob.go:123> 计算脚本 2,数据 map[data:map[leader:100046 cardcount:1 unionId:16]] 错误,忽略该数据,16 变量值不存在
2017-06-23 10:28:50 [ERROR] <cacujob.go:123> 计算脚本 2,数据 map[data:map[leader:100046 cardcount:1 unionId:16]] 错误,忽略该数据,16 变量值不存在
2017-06-23 10:28:50 [ERROR] <cacujob.go:123> 计算脚本 2,数据 map[data:map[leader:100046 cardcount:1 unionId:16]] 错误,忽略该数据,16 变量值不存在
2017-06-23 10:28:50 [ INFO] <statistics.go:111> 处理任务 3 结束,花费时间:171
2017-06-23 10:29:00 [ INFO] <statistics.go:103> 开始处理任务 0
2017-06-23 10:29:00 [ INFO] <statistics.go:111> 处理任务 0 结束,花费时间:852
