2017-06-13 17:34:53 [ INFO] <main.go:27> 日志组件加载完成
2017-06-13 17:34:53 [ INFO] <rpc.go:171> RPC Init 完成
2017-06-13 17:34:53 [ INFO] <rpc.go:171> RPC 服务启动完成
2017-06-13 17:34:53 [ INFO] <app.go:36> 应用启动完成
2017-06-13 17:34:54 [ INFO] <statistics.go:32> ontime index 0
2017-06-13 17:34:55 [ INFO] <statistics.go:32> ontime index 0
2017-06-13 17:34:56 [ INFO] <statistics.go:32> ontime index 0
2017-06-13 17:34:57 [ INFO] <statistics.go:32> ontime index 0
2017-06-13 17:34:58 [ INFO] <statistics.go:32> ontime index 0
2017-06-13 17:34:59 [ INFO] <statistics.go:32> ontime index 0
2017-06-13 17:35:00 [ INFO] <statistics.go:32> ontime index 0
2017-06-13 17:35:01 [ INFO] <statistics.go:32> ontime index 0
2017-06-13 17:35:02 [ INFO] <statistics.go:32> ontime index 0
2017-06-13 17:35:03 [ INFO] <statistics.go:32> ontime index 0
2017-06-13 17:35:04 [ INFO] <statistics.go:32> ontime index 0
2017-06-13 17:35:05 [ INFO] <statistics.go:32> ontime index 0
2017-06-13 17:35:06 [ INFO] <statistics.go:32> ontime index 0
2017-06-13 17:35:07 [ INFO] <statistics.go:32> ontime index 0
2017-06-13 17:35:08 [ INFO] <statistics.go:32> ontime index 0
2017-06-13 17:37:32 [ INFO] <main.go:27> 日志组件加载完成
2017-06-13 17:37:32 [ INFO] <rpc.go:171> RPC Init 完成
2017-06-13 17:37:32 [ INFO] <rpc.go:171> RPC 服务启动完成
2017-06-13 17:37:32 [ INFO] <statistics.go:32> StatisticsModule Init 完成
2017-06-13 17:37:32 [ INFO] <statistics.go:32> StatisticsModule 服务启动完成
2017-06-13 17:37:32 [ INFO] <app.go:36> 应用启动完成
2017-06-13 17:37:33 [ INFO] <statistics.go:32> ontime index 0
2017-06-13 17:37:34 [ INFO] <statistics.go:32> ontime index 0
2017-06-13 17:37:35 [ INFO] <statistics.go:32> ontime index 0
2017-06-13 17:37:36 [ INFO] <statistics.go:32> ontime index 0
2017-06-13 17:37:37 [ INFO] <statistics.go:32> ontime index 0
2017-06-13 17:37:38 [ INFO] <statistics.go:32> ontime index 0
2017-06-13 17:37:39 [ INFO] <statistics.go:32> ontime index 0
2017-06-13 17:37:40 [ INFO] <statistics.go:32> ontime index 0
2017-06-13 17:37:41 [ INFO] <statistics.go:32> ontime index 0
2017-06-13 17:37:42 [ INFO] <statistics.go:32> ontime index 0
2017-06-13 17:37:43 [ INFO] <statistics.go:32> ontime index 0
2017-06-13 17:37:44 [ INFO] <statistics.go:32> ontime index 0
2017-06-13 17:37:45 [ INFO] <statistics.go:32> ontime index 0
2017-06-13 17:37:46 [ INFO] <statistics.go:32> ontime index 0
2017-06-13 17:37:47 [ INFO] <statistics.go:32> ontime index 0
2017-06-13 17:38:45 [ INFO] <main.go:27> 日志组件加载完成
2017-06-13 17:38:45 [ INFO] <rpc.go:171> RPC Init 完成
2017-06-13 17:38:45 [ INFO] <rpc.go:171> RPC 服务启动完成
2017-06-13 17:38:45 [ INFO] <statistics.go:32> StatisticsModule Init 完成
2017-06-13 17:38:45 [ INFO] <statistics.go:32> StatisticsModule 服务启动完成
2017-06-13 17:38:45 [ INFO] <app.go:36> 应用启动完成
2017-06-13 17:39:00 [ INFO] <statistics.go:32> ontime index 0
2017-06-13 17:40:00 [ INFO] <statistics.go:32> ontime index 0
2017-06-13 17:40:41 [ INFO] <main.go:27> 日志组件加载完成
2017-06-13 17:40:41 [ INFO] <rpc.go:171> RPC Init 完成
2017-06-13 17:40:41 [ INFO] <rpc.go:171> RPC 服务启动完成
2017-06-13 17:40:41 [ INFO] <statistics.go:32> StatisticsModule Init 完成
2017-06-13 17:40:41 [ INFO] <statistics.go:32> StatisticsModule 服务启动完成
2017-06-13 17:40:41 [ INFO] <app.go:36> 应用启动完成
2017-06-13 17:41:00 [ INFO] <statistics.go:32> ontime index 0,here process your job
2017-06-13 17:42:00 [ INFO] <statistics.go:32> ontime index 0,here process your job
2017-06-13 17:43:00 [ INFO] <statistics.go:32> ontime index 0,here process your job
2017-06-13 17:44:00 [ INFO] <statistics.go:32> ontime index 0,here process your job
2017-06-13 17:45:00 [ INFO] <statistics.go:32> ontime index 0,here process your job
2017-06-13 17:46:00 [ INFO] <statistics.go:32> ontime index 0,here process your job
2017-06-13 17:47:00 [ INFO] <statistics.go:32> ontime index 0,here process your job
2017-06-13 17:48:00 [ INFO] <statistics.go:32> ontime index 0,here process your job
2017-06-13 17:49:00 [ INFO] <statistics.go:32> ontime index 0,here process your job
2017-06-13 17:50:00 [ INFO] <statistics.go:32> ontime index 0,here process your job
2017-06-13 17:51:00 [ INFO] <statistics.go:32> ontime index 0,here process your job
2017-06-13 17:52:00 [ INFO] <statistics.go:32> ontime index 0,here process your job
2017-06-13 17:53:00 [ INFO] <statistics.go:32> ontime index 0,here process your job
2017-06-13 17:54:00 [ INFO] <statistics.go:32> ontime index 0,here process your job
2017-06-13 17:54:52 [ INFO] <main.go:27> 日志组件加载完成
2017-06-13 17:54:52 [ INFO] <rpc.go:171> RPC Init 完成
2017-06-13 17:54:52 [ INFO] <rpc.go:171> RPC 服务启动完成
2017-06-13 17:54:52 [ INFO] <statistics.go:32> StatisticsModule Init 完成
2017-06-13 17:54:52 [ INFO] <statistics.go:32> StatisticsModule 服务启动完成
2017-06-13 17:54:52 [ INFO] <app.go:36> 应用启动完成
2017-06-13 17:54:53 [ INFO] <statistics.go:32> ontime index 0,here process your job
2017-06-13 17:54:54 [ INFO] <statistics.go:32> ontime index 0,here process your job
2017-06-13 17:54:55 [ INFO] <statistics.go:32> ontime index 0,here process your job
2017-06-13 17:54:56 [ INFO] <statistics.go:32> ontime index 0,here process your job
2017-06-13 17:54:57 [ INFO] <statistics.go:32> ontime index 0,here process your job
2017-06-13 17:54:58 [ INFO] <statistics.go:32> ontime index 0,here process your job
2017-06-13 17:54:59 [ INFO] <statistics.go:32> ontime index 0,here process your job
2017-06-13 17:55:00 [ INFO] <statistics.go:32> ontime index 0,here process your job
2017-06-13 17:55:01 [ INFO] <statistics.go:32> ontime index 0,here process your job
2017-06-13 17:55:02 [ INFO] <statistics.go:32> ontime index 0,here process your job
2017-06-13 17:55:03 [ INFO] <statistics.go:32> ontime index 0,here process your job
2017-06-13 17:55:04 [ INFO] <statistics.go:32> ontime index 0,here process your job
2017-06-13 17:55:05 [ INFO] <statistics.go:32> ontime index 0,here process your job
2017-06-13 17:55:06 [ INFO] <statistics.go:32> ontime index 0,here process your job
2017-06-13 17:55:07 [ INFO] <statistics.go:32> ontime index 0,here process your job
2017-06-13 17:55:08 [ INFO] <statistics.go:32> ontime index 0,here process your job
2017-06-13 17:55:09 [ INFO] <statistics.go:32> ontime index 0,here process your job
2017-06-13 17:55:10 [ INFO] <statistics.go:32> ontime index 0,here process your job
2017-06-13 17:55:11 [ INFO] <statistics.go:32> ontime index 0,here process your job
2017-06-13 17:55:12 [ INFO] <statistics.go:32> ontime index 0,here process your job
2017-06-13 17:55:13 [ INFO] <statistics.go:32> ontime index 0,here process your job
2017-06-13 17:55:14 [ INFO] <statistics.go:32> ontime index 0,here process your job
2017-06-13 17:55:15 [ INFO] <statistics.go:32> ontime index 0,here process your job
2017-06-13 17:55:16 [ INFO] <statistics.go:32> ontime index 0,here process your job
2017-06-13 17:55:17 [ INFO] <statistics.go:32> ontime index 0,here process your job
2017-06-13 17:55:18 [ INFO] <statistics.go:32> ontime index 0,here process your job
2017-06-13 17:55:19 [ INFO] <statistics.go:32> ontime index 0,here process your job
2017-06-13 17:55:20 [ INFO] <statistics.go:32> ontime index 0,here process your job
2017-06-13 17:55:21 [ INFO] <statistics.go:32> ontime index 0,here process your job
2017-06-13 17:55:22 [ INFO] <statistics.go:32> ontime index 0,here process your job
2017-06-13 17:55:23 [ INFO] <statistics.go:32> ontime index 0,here process your job
2017-06-13 17:55:24 [ INFO] <statistics.go:32> ontime index 0,here process your job
2017-06-13 17:55:25 [ INFO] <statistics.go:32> ontime index 0,here process your job
2017-06-13 17:55:26 [ INFO] <statistics.go:32> ontime index 0,here process your job
2017-06-13 17:55:27 [ INFO] <statistics.go:32> ontime index 0,here process your job
2017-06-13 17:55:28 [ INFO] <statistics.go:32> ontime index 0,here process your job
2017-06-13 17:55:29 [ INFO] <statistics.go:32> ontime index 0,here process your job
2017-06-13 17:55:30 [ INFO] <statistics.go:32> ontime index 0,here process your job
2017-06-13 17:55:31 [ INFO] <statistics.go:32> ontime index 0,here process your job
2017-06-13 17:55:32 [ INFO] <statistics.go:32> ontime index 0,here process your job
2017-06-13 17:55:33 [ INFO] <statistics.go:32> ontime index 0,here process your job
2017-06-13 17:55:34 [ INFO] <statistics.go:32> ontime index 0,here process your job
2017-06-13 17:55:35 [ INFO] <statistics.go:32> ontime index 0,here process your job
2017-06-13 17:55:36 [ INFO] <statistics.go:32> ontime index 0,here process your job
2017-06-13 17:55:37 [ INFO] <statistics.go:32> ontime index 0,here process your job
2017-06-13 17:55:38 [ INFO] <statistics.go:32> ontime index 0,here process your job
2017-06-13 17:55:39 [ INFO] <statistics.go:32> ontime index 0,here process your job
2017-06-13 17:55:40 [ INFO] <statistics.go:32> ontime index 0,here process your job
2017-06-13 17:55:41 [ INFO] <statistics.go:32> ontime index 0,here process your job
2017-06-13 17:55:42 [ INFO] <statistics.go:32> ontime index 0,here process your job
2017-06-13 17:55:43 [ INFO] <statistics.go:32> ontime index 0,here process your job
2017-06-13 17:55:44 [ INFO] <statistics.go:32> ontime index 0,here process your job
2017-06-13 17:55:45 [ INFO] <statistics.go:32> ontime index 0,here process your job
2017-06-13 17:55:46 [ INFO] <statistics.go:32> ontime index 0,here process your job
2017-06-13 17:55:47 [ INFO] <statistics.go:32> ontime index 0,here process your job
2017-06-13 17:55:48 [ INFO] <statistics.go:32> ontime index 0,here process your job
2017-06-13 17:55:49 [ INFO] <statistics.go:32> ontime index 0,here process your job
2017-06-13 17:55:50 [ INFO] <statistics.go:32> ontime index 0,here process your job
2017-06-13 17:55:51 [ INFO] <statistics.go:32> ontime index 0,here process your job
2017-06-13 17:55:52 [ INFO] <statistics.go:32> ontime index 0,here process your job
2017-06-13 17:55:53 [ INFO] <statistics.go:32> ontime index 0,here process your job
2017-06-13 17:55:54 [ INFO] <statistics.go:32> ontime index 0,here process your job
2017-06-13 17:55:55 [ INFO] <statistics.go:32> ontime index 0,here process your job
2017-06-13 17:55:56 [ INFO] <statistics.go:32> ontime index 0,here process your job
2017-06-13 17:55:57 [ INFO] <statistics.go:32> ontime index 0,here process your job
2017-06-13 17:55:58 [ INFO] <statistics.go:32> ontime index 0,here process your job
2017-06-13 17:55:59 [ INFO] <statistics.go:32> ontime index 0,here process your job
2017-06-13 17:56:00 [ INFO] <statistics.go:32> ontime index 0,here process your job
2017-06-13 17:56:01 [ INFO] <statistics.go:32> ontime index 0,here process your job
2017-06-13 17:56:02 [ INFO] <statistics.go:32> ontime index 0,here process your job
2017-06-13 17:56:03 [ INFO] <statistics.go:32> ontime index 0,here process your job
2017-06-13 17:56:04 [ INFO] <statistics.go:32> ontime index 0,here process your job
2017-06-13 17:56:05 [ INFO] <statistics.go:32> ontime index 0,here process your job
2017-06-13 17:56:06 [ INFO] <statistics.go:32> ontime index 0,here process your job
2017-06-13 17:56:07 [ INFO] <statistics.go:32> ontime index 0,here process your job
2017-06-13 17:56:08 [ INFO] <statistics.go:32> ontime index 0,here process your job
2017-06-13 17:56:09 [ INFO] <statistics.go:32> ontime index 0,here process your job
2017-06-13 17:56:10 [ INFO] <statistics.go:32> ontime index 0,here process your job
2017-06-13 17:56:11 [ INFO] <statistics.go:32> ontime index 0,here process your job
2017-06-13 17:57:27 [ INFO] <main.go:27> 日志组件加载完成
2017-06-13 17:57:27 [ INFO] <rpc.go:64> RPC Init 完成
2017-06-13 17:57:27 [ INFO] <rpc.go:74> RPC 服务启动完成
2017-06-13 17:57:27 [ INFO] <statistics.go:37> StatisticsModule Init 完成
2017-06-13 17:57:27 [ INFO] <statistics.go:41> StatisticsModule 服务启动完成
2017-06-13 17:57:27 [ INFO] <app.go:36> 应用启动完成
2017-06-13 17:57:28 [ INFO] <statistics.go:87> ontime index 0,here process your job
2017-06-13 17:57:29 [ INFO] <statistics.go:87> ontime index 0,here process your job
2017-06-13 17:57:30 [ INFO] <statistics.go:87> ontime index 0,here process your job
2017-06-13 17:57:31 [ INFO] <statistics.go:87> ontime index 0,here process your job
2017-06-13 17:57:32 [ INFO] <statistics.go:87> ontime index 0,here process your job
2017-06-13 17:57:33 [ INFO] <statistics.go:87> ontime index 0,here process your job
2017-06-13 17:57:34 [ INFO] <statistics.go:87> ontime index 0,here process your job
2017-06-13 17:57:35 [ INFO] <statistics.go:87> ontime index 0,here process your job
2017-06-13 17:57:36 [ INFO] <statistics.go:87> ontime index 0,here process your job
2017-06-13 17:57:37 [ INFO] <statistics.go:87> ontime index 0,here process your job
2017-06-13 17:57:38 [ INFO] <statistics.go:87> ontime index 0,here process your job
2017-06-13 17:57:39 [ INFO] <statistics.go:87> ontime index 0,here process your job
2017-06-13 17:57:40 [ INFO] <statistics.go:87> ontime index 0,here process your job
2017-06-13 17:57:41 [ INFO] <statistics.go:87> ontime index 0,here process your job
2017-06-13 17:57:42 [ INFO] <statistics.go:87> ontime index 0,here process your job
2017-06-13 17:57:43 [ INFO] <statistics.go:87> ontime index 0,here process your job
2017-06-13 17:57:44 [ INFO] <statistics.go:87> ontime index 0,here process your job
2017-06-13 17:57:45 [ INFO] <statistics.go:87> ontime index 0,here process your job
2017-06-13 17:57:46 [ INFO] <statistics.go:87> ontime index 0,here process your job
2017-06-13 17:57:47 [ INFO] <statistics.go:87> ontime index 0,here process your job
2017-06-13 17:57:48 [ INFO] <statistics.go:87> ontime index 0,here process your job
2017-06-13 17:57:49 [ INFO] <statistics.go:87> ontime index 0,here process your job
2017-06-13 17:57:50 [ INFO] <statistics.go:87> ontime index 0,here process your job
2017-06-13 17:57:51 [ INFO] <statistics.go:87> ontime index 0,here process your job
2017-06-13 17:57:52 [ INFO] <statistics.go:87> ontime index 0,here process your job
2017-06-13 17:57:53 [ INFO] <statistics.go:87> ontime index 0,here process your job
2017-06-13 17:57:54 [ INFO] <statistics.go:87> ontime index 0,here process your job
2017-06-13 17:57:55 [ INFO] <statistics.go:87> ontime index 0,here process your job
2017-06-13 17:57:56 [ INFO] <statistics.go:87> ontime index 0,here process your job
2017-06-13 17:57:57 [ INFO] <statistics.go:87> ontime index 0,here process your job
2017-06-13 17:57:58 [ INFO] <statistics.go:87> ontime index 0,here process your job
2017-06-13 17:57:59 [ INFO] <statistics.go:87> ontime index 0,here process your job
2017-06-13 17:58:00 [ INFO] <statistics.go:87> ontime index 0,here process your job
2017-06-13 17:58:01 [ INFO] <statistics.go:87> ontime index 0,here process your job
2017-06-13 17:58:02 [ INFO] <statistics.go:87> ontime index 0,here process your job
2017-06-13 17:58:03 [ INFO] <statistics.go:87> ontime index 0,here process your job
2017-06-13 17:58:04 [ INFO] <statistics.go:87> ontime index 0,here process your job
2017-06-13 17:58:05 [ INFO] <statistics.go:87> ontime index 0,here process your job
2017-06-13 17:58:06 [ INFO] <statistics.go:87> ontime index 0,here process your job
2017-06-13 17:58:07 [ INFO] <statistics.go:87> ontime index 0,here process your job
2017-06-13 17:58:08 [ INFO] <statistics.go:87> ontime index 0,here process your job
2017-06-13 17:58:09 [ INFO] <statistics.go:87> ontime index 0,here process your job
2017-06-13 17:58:10 [ INFO] <statistics.go:87> ontime index 0,here process your job
2017-06-13 17:58:11 [ INFO] <statistics.go:87> ontime index 0,here process your job
2017-06-13 17:58:12 [ INFO] <statistics.go:87> ontime index 0,here process your job
2017-06-13 17:58:13 [ INFO] <statistics.go:87> ontime index 0,here process your job
2017-06-13 17:58:14 [ INFO] <statistics.go:87> ontime index 0,here process your job
2017-06-13 17:58:15 [ INFO] <statistics.go:87> ontime index 0,here process your job
2017-06-13 17:58:16 [ INFO] <statistics.go:87> ontime index 0,here process your job
2017-06-13 17:58:17 [ INFO] <statistics.go:87> ontime index 0,here process your job
2017-06-13 17:58:18 [ INFO] <statistics.go:87> ontime index 0,here process your job
2017-06-13 17:58:19 [ INFO] <statistics.go:87> ontime index 0,here process your job
2017-06-13 17:58:20 [ INFO] <statistics.go:87> ontime index 0,here process your job
2017-06-13 17:58:21 [ INFO] <statistics.go:87> ontime index 0,here process your job
2017-06-13 17:58:22 [ INFO] <statistics.go:87> ontime index 0,here process your job
2017-06-13 17:58:23 [ INFO] <statistics.go:87> ontime index 0,here process your job
2017-06-13 17:58:24 [ INFO] <statistics.go:87> ontime index 0,here process your job
2017-06-13 17:58:25 [ INFO] <statistics.go:87> ontime index 0,here process your job
2017-06-13 17:58:26 [ INFO] <statistics.go:87> ontime index 0,here process your job
2017-06-13 17:58:27 [ INFO] <statistics.go:87> ontime index 0,here process your job
2017-06-13 17:58:28 [ INFO] <statistics.go:87> ontime index 0,here process your job
2017-06-13 17:58:29 [ INFO] <statistics.go:87> ontime index 0,here process your job
2017-06-13 17:58:30 [ INFO] <statistics.go:87> ontime index 0,here process your job
2017-06-13 17:58:31 [ INFO] <statistics.go:87> ontime index 0,here process your job
2017-06-13 17:58:32 [ INFO] <statistics.go:87> ontime index 0,here process your job
2017-06-13 17:58:33 [ INFO] <statistics.go:87> ontime index 0,here process your job
2017-06-13 17:58:34 [ INFO] <statistics.go:87> ontime index 0,here process your job
2017-06-13 17:58:35 [ INFO] <statistics.go:87> ontime index 0,here process your job
2017-06-13 17:58:36 [ INFO] <statistics.go:87> ontime index 0,here process your job
2017-06-13 17:58:37 [ INFO] <statistics.go:87> ontime index 0,here process your job
2017-06-13 17:58:38 [ INFO] <statistics.go:87> ontime index 0,here process your job
2017-06-13 17:58:39 [ INFO] <statistics.go:87> ontime index 0,here process your job
2017-06-13 17:58:40 [ INFO] <statistics.go:87> ontime index 0,here process your job
2017-06-13 17:58:41 [ INFO] <statistics.go:87> ontime index 0,here process your job
2017-06-13 17:58:42 [ INFO] <statistics.go:87> ontime index 0,here process your job
2017-06-13 17:58:43 [ INFO] <statistics.go:87> ontime index 0,here process your job
2017-06-13 17:58:44 [ INFO] <statistics.go:87> ontime index 0,here process your job
2017-06-13 17:58:45 [ INFO] <statistics.go:87> ontime index 0,here process your job
2017-06-13 17:58:46 [ INFO] <statistics.go:87> ontime index 0,here process your job
2017-06-13 17:58:47 [ INFO] <statistics.go:87> ontime index 0,here process your job
2017-06-13 17:58:48 [ INFO] <statistics.go:87> ontime index 0,here process your job
2017-06-13 17:58:49 [ INFO] <statistics.go:87> ontime index 0,here process your job
2017-06-13 17:58:50 [ INFO] <statistics.go:87> ontime index 0,here process your job
2017-06-13 17:58:51 [ INFO] <statistics.go:87> ontime index 0,here process your job
2017-06-13 17:58:52 [ INFO] <statistics.go:87> ontime index 0,here process your job
2017-06-13 17:58:53 [ INFO] <statistics.go:87> ontime index 0,here process your job
2017-06-13 17:58:54 [ INFO] <statistics.go:87> ontime index 0,here process your job
2017-06-13 17:58:55 [ INFO] <statistics.go:87> ontime index 0,here process your job
2017-06-13 17:58:56 [ INFO] <statistics.go:87> ontime index 0,here process your job
2017-06-13 17:58:57 [ INFO] <statistics.go:87> ontime index 0,here process your job
2017-06-13 17:58:58 [ INFO] <statistics.go:87> ontime index 0,here process your job
2017-06-13 17:58:59 [ INFO] <statistics.go:87> ontime index 0,here process your job
2017-06-13 17:59:00 [ INFO] <statistics.go:87> ontime index 0,here process your job
2017-06-13 17:59:01 [ INFO] <statistics.go:87> ontime index 0,here process your job
2017-06-13 17:59:02 [ INFO] <statistics.go:87> ontime index 0,here process your job
2017-06-13 17:59:03 [ INFO] <statistics.go:87> ontime index 0,here process your job
2017-06-13 17:59:04 [ INFO] <statistics.go:87> ontime index 0,here process your job
2017-06-13 17:59:05 [ INFO] <statistics.go:87> ontime index 0,here process your job
2017-06-13 17:59:06 [ INFO] <statistics.go:87> ontime index 0,here process your job
2017-06-13 17:59:07 [ INFO] <statistics.go:87> ontime index 0,here process your job
2017-06-13 17:59:08 [ INFO] <statistics.go:87> ontime index 0,here process your job
2017-06-13 17:59:09 [ INFO] <statistics.go:87> ontime index 0,here process your job
2017-06-13 17:59:10 [ INFO] <statistics.go:87> ontime index 0,here process your job
2017-06-13 17:59:11 [ INFO] <statistics.go:87> ontime index 0,here process your job
2017-06-13 17:59:12 [ INFO] <statistics.go:87> ontime index 0,here process your job
2017-06-13 17:59:13 [ INFO] <statistics.go:87> ontime index 0,here process your job
2017-06-13 17:59:14 [ INFO] <statistics.go:87> ontime index 0,here process your job
2017-06-13 17:59:15 [ INFO] <statistics.go:87> ontime index 0,here process your job
2017-06-13 17:59:16 [ INFO] <statistics.go:87> ontime index 0,here process your job
2017-06-13 17:59:17 [ INFO] <statistics.go:87> ontime index 0,here process your job
2017-06-13 17:59:18 [ INFO] <statistics.go:87> ontime index 0,here process your job
2017-06-13 17:59:19 [ INFO] <statistics.go:87> ontime index 0,here process your job
2017-06-13 17:59:20 [ INFO] <statistics.go:87> ontime index 0,here process your job
2017-06-13 17:59:21 [ INFO] <statistics.go:87> ontime index 0,here process your job
2017-06-13 17:59:22 [ INFO] <statistics.go:87> ontime index 0,here process your job
2017-06-13 17:59:23 [ INFO] <statistics.go:87> ontime index 0,here process your job
2017-06-13 17:59:24 [ INFO] <statistics.go:87> ontime index 0,here process your job
2017-06-13 17:59:25 [ INFO] <statistics.go:87> ontime index 0,here process your job
2017-06-13 17:59:26 [ INFO] <statistics.go:87> ontime index 0,here process your job
2017-06-13 17:59:27 [ INFO] <statistics.go:87> ontime index 0,here process your job
2017-06-13 17:59:28 [ INFO] <statistics.go:87> ontime index 0,here process your job
2017-06-13 17:59:29 [ INFO] <statistics.go:87> ontime index 0,here process your job
2017-06-13 17:59:30 [ INFO] <statistics.go:87> ontime index 0,here process your job
2017-06-13 17:59:31 [ INFO] <statistics.go:87> ontime index 0,here process your job
2017-06-13 17:59:32 [ INFO] <statistics.go:87> ontime index 0,here process your job
2017-06-13 17:59:33 [ INFO] <statistics.go:87> ontime index 0,here process your job
2017-06-13 17:59:34 [ INFO] <statistics.go:87> ontime index 0,here process your job
2017-06-13 17:59:35 [ INFO] <statistics.go:87> ontime index 0,here process your job
2017-06-13 17:59:36 [ INFO] <statistics.go:87> ontime index 0,here process your job
2017-06-13 17:59:37 [ INFO] <statistics.go:87> ontime index 0,here process your job
2017-06-13 17:59:38 [ INFO] <statistics.go:87> ontime index 0,here process your job
2017-06-13 17:59:39 [ INFO] <statistics.go:87> ontime index 0,here process your job
2017-06-13 17:59:40 [ INFO] <statistics.go:87> ontime index 0,here process your job
2017-06-13 17:59:41 [ INFO] <statistics.go:87> ontime index 0,here process your job
2017-06-13 17:59:42 [ INFO] <statistics.go:87> ontime index 0,here process your job
2017-06-13 17:59:43 [ INFO] <statistics.go:87> ontime index 0,here process your job
2017-06-13 17:59:44 [ INFO] <statistics.go:87> ontime index 0,here process your job
2017-06-13 17:59:45 [ INFO] <statistics.go:87> ontime index 0,here process your job
2017-06-13 17:59:46 [ INFO] <statistics.go:87> ontime index 0,here process your job
2017-06-13 17:59:47 [ INFO] <statistics.go:87> ontime index 0,here process your job
2017-06-13 17:59:48 [ INFO] <statistics.go:87> ontime index 0,here process your job
2017-06-13 17:59:49 [ INFO] <statistics.go:87> ontime index 0,here process your job
2017-06-13 17:59:50 [ INFO] <statistics.go:87> ontime index 0,here process your job
2017-06-13 17:59:51 [ INFO] <statistics.go:87> ontime index 0,here process your job
2017-06-13 17:59:52 [ INFO] <statistics.go:87> ontime index 0,here process your job
2017-06-13 17:59:53 [ INFO] <statistics.go:87> ontime index 0,here process your job
2017-06-13 17:59:54 [ INFO] <statistics.go:87> ontime index 0,here process your job
2017-06-13 17:59:55 [ INFO] <statistics.go:87> ontime index 0,here process your job
2017-06-13 17:59:56 [ INFO] <statistics.go:87> ontime index 0,here process your job
2017-06-13 17:59:57 [ INFO] <statistics.go:87> ontime index 0,here process your job
2017-06-13 17:59:58 [ INFO] <statistics.go:87> ontime index 0,here process your job
2017-06-13 17:59:59 [ INFO] <statistics.go:87> ontime index 0,here process your job
2017-06-13 18:00:00 [ INFO] <statistics.go:87> ontime index 0,here process your job
2017-06-13 18:00:01 [ INFO] <statistics.go:87> ontime index 0,here process your job
2017-06-13 18:00:02 [ INFO] <statistics.go:87> ontime index 0,here process your job
2017-06-13 18:00:03 [ INFO] <statistics.go:87> ontime index 0,here process your job
2017-06-13 18:00:04 [ INFO] <statistics.go:87> ontime index 0,here process your job
2017-06-13 18:00:05 [ INFO] <statistics.go:87> ontime index 0,here process your job
2017-06-13 18:00:06 [ INFO] <statistics.go:87> ontime index 0,here process your job
2017-06-13 18:00:07 [ INFO] <statistics.go:87> ontime index 0,here process your job
